<test-run id="2" duration="46.72546199999999" testcasecount="8" total="8" passed="3" failed="5" inconclusive="0" skipped="0" result="Failed" start-time="2021-05-13T 10:47:03Z" end-time="2021-05-13T 10:47:56Z">
  <test-suite type="Assembly" name="IFlow.Testing.dll" fullname="C:\Users\lezi\source\repos\IFLOW.testing\IFLOW.testing\bin\Debug\netcoreapp3.1\IFlow.Testing.dll" total="8" passed="3" failed="5" inconclusive="0" skipped="0" result="Failed" start-time="2021-05-13T 10:47:05Z" end-time="2021-05-13T 10:47:56Z" duration="46.725462">
    <test-suite type="TestSuite" name="IFlow" fullname="IFlow" total="8" passed="3" failed="5" inconclusive="0" skipped="0" result="Failed" start-time="2021-05-13T 10:47:05Z" end-time="2021-05-13T 10:47:56Z" duration="46.725462">
      <test-suite type="TestSuite" name="Testing" fullname="IFlow.Testing" total="8" passed="3" failed="5" inconclusive="0" skipped="0" result="Failed" start-time="2021-05-13T 10:47:05Z" end-time="2021-05-13T 10:47:56Z" duration="46.725462">
        <test-suite type="TestSuite" name="Feature" fullname="IFlow.Testing.Feature" total="8" passed="3" failed="5" inconclusive="0" skipped="0" result="Failed" start-time="2021-05-13T 10:47:05Z" end-time="2021-05-13T 10:47:56Z" duration="46.725462">
          <test-suite type="TestFixture" name="LoginTestsFeature" fullname="IFlow.Testing.Feature.LoginTestsFeature" total="3" passed="0" failed="3" inconclusive="0" skipped="0" result="Failed" start-time="2021-05-13T 10:47:05Z" end-time="2021-05-13T 10:47:25Z" duration="20.03892">
            <test-case name="LoginWithIncorrectData" fullname="IFlow.Testing.Feature.LoginTestsFeature.LoginWithIncorrectData" methodname="LoginWithIncorrectData" classname="LoginTestsFeature" result="Failed" start-time="2021-05-13T 10:47:05Z" end-time="2021-05-13T 10:47:13Z" duration="8.240985" asserts="0">
              <properties>
                <property name="Category" value="TEST_IB-201" />
              </properties>
              <output><![CDATA[2021-05-13 12:47:05.0993  INFO Starting test: LoginWithIncorrectData
2021-05-13 12:47:05.0993  INFO Starting test: LoginWithIncorrectData
2021-05-13 12:47:05.1230 TRACE > Set up AtataContext
2021-05-13 12:47:05.1230 TRACE > Set up AtataContext
2021-05-13 12:47:05.1716 TRACE - Use: "Atata.json" config
2021-05-13 12:47:05.1716 TRACE - Use: "Atata.json" config
2021-05-13 12:47:05.1729 TRACE - Set: ElementFindTimeout=5s; ElementFindRetryInterval=0.5s
2021-05-13 12:47:05.1729 TRACE - Set: ElementFindTimeout=5s; ElementFindRetryInterval=0.5s
2021-05-13 12:47:05.1732 TRACE - Set: WaitingTimeout=5s; WaitingRetryInterval=0.5s
2021-05-13 12:47:05.1732 TRACE - Set: WaitingTimeout=5s; WaitingRetryInterval=0.5s
2021-05-13 12:47:05.1735 TRACE - Set: VerificationTimeout=5s; VerificationRetryInterval=0.5s
2021-05-13 12:47:05.1735 TRACE - Set: VerificationTimeout=5s; VerificationRetryInterval=0.5s
2021-05-13 12:47:05.1738 TRACE - Set: Culture=en-US
2021-05-13 12:47:05.1738 TRACE - Set: Culture=en-US
2021-05-13 12:47:05.1831 TRACE - Set: DriverService=ChromeDriverService on port 55682
2021-05-13 12:47:05.1831 TRACE - Set: DriverService=ChromeDriverService on port 55682
2021-05-13 12:47:06.3258 TRACE - Set: Driver=ChromeDriver (alias=chrome-headless)
2021-05-13 12:47:06.3258 TRACE - Set: Driver=ChromeDriver (alias=chrome-headless)
2021-05-13 12:47:06.3289 TRACE < Set up AtataContext (1.205s)
2021-05-13 12:47:06.3289 TRACE < Set up AtataContext (1.205s)
When user input incorrect data on login page
2021-05-13 12:47:06.4802  INFO Go to "Login" page
2021-05-13 12:47:06.4802  INFO Go to "Login" page
2021-05-13 12:47:06.5555  INFO Go to URL "http://app-iflow-dev-001.azurewebsites.net/login"
2021-05-13 12:47:06.5555  INFO Go to URL "http://app-iflow-dev-001.azurewebsites.net/login"
2021-05-13 12:47:07.6351 TRACE > Execute trigger VerifyTitleAttribute { Values="React app", Case=Title, Match=Equals } on Init against "Login" page
2021-05-13 12:47:07.6351 TRACE > Execute trigger VerifyTitleAttribute { Values="React app", Case=Title, Match=Equals } on Init against "Login" page
2021-05-13 12:47:07.6530  INFO - > Assert: title should equal "React app"
2021-05-13 12:47:07.6530  INFO - > Assert: title should equal "React app"
2021-05-13 12:47:07.6707  INFO - < Assert: title should equal "React app" (0.017s)
2021-05-13 12:47:07.6707  INFO - < Assert: title should equal "React app" (0.017s)
2021-05-13 12:47:07.6713 TRACE < Execute trigger VerifyTitleAttribute { Values="React app", Case=Title, Match=Equals } on Init against "Login" page (0.036s)
2021-05-13 12:47:07.6713 TRACE < Execute trigger VerifyTitleAttribute { Values="React app", Case=Title, Match=Equals } on Init against "Login" page (0.036s)
2021-05-13 12:47:07.6850  INFO > Set "zaaxfuwgbdpybkt" to "Login Text Input" text input
2021-05-13 12:47:07.6850  INFO > Set "zaaxfuwgbdpybkt" to "Login Text Input" text input
2021-05-13 12:47:07.6873 TRACE - > Execute behavior ValueSetUsingClearAndSendKeysAttribute against "Login Text Input" text input
2021-05-13 12:47:07.6873 TRACE - > Execute behavior ValueSetUsingClearAndSendKeysAttribute against "Login Text Input" text input
2021-05-13 12:47:07.7074 TRACE - - > Find visible element by XPath "(//span[text()='Login * *']/..//../..//input[@type='text'])/descendant-or-self::input[@type='text' or not(@type)]" in ChromeDriver
2021-05-13 12:47:07.7074 TRACE - - > Find visible element by XPath "(//span[text()='Login * *']/..//../..//input[@type='text'])/descendant-or-self::input[@type='text' or not(@type)]" in ChromeDriver
2021-05-13 12:47:12.7341 TRACE - - < Find visible element by XPath "(//span[text()='Login * *']/..//../..//input[@type='text'])/descendant-or-self::input[@type='text' or not(@type)]" in ChromeDriver (5.026s) >>
OpenQA.Selenium.NoSuchElementException: Unable to locate visible element:
- By: XPath "(//span[text()='Login * *']/..//../..//input[@type='text'])/descendant-or-self::input[@type='text' or not(@type)]"
- Search time: 5.02s
- Search options: {Visibility=Visible, Timeout=5s, RetryInterval=0.5s, IsSafely=False}
2021-05-13 12:47:12.7341 TRACE - - < Find visible element by XPath "(//span[text()='Login * *']/..//../..//input[@type='text'])/descendant-or-self::input[@type='text' or not(@type)]" in ChromeDriver (5.026s) >>
OpenQA.Selenium.NoSuchElementException: Unable to locate visible element:
- By: XPath "(//span[text()='Login * *']/..//../..//input[@type='text'])/descendant-or-self::input[@type='text' or not(@type)]"
- Search time: 5.02s
- Search options: {Visibility=Visible, Timeout=5s, RetryInterval=0.5s, IsSafely=False}
2021-05-13 12:47:12.7360 TRACE - < Execute behavior ValueSetUsingClearAndSendKeysAttribute against "Login Text Input" text input (5.048s) >>
OpenQA.Selenium.NoSuchElementException: Unable to locate visible element:
- By: XPath "(//span[text()='Login * *']/..//../..//input[@type='text'])/descendant-or-self::input[@type='text' or not(@type)]"
- Search time: 5.02s
- Search options: {Visibility=Visible, Timeout=5s, RetryInterval=0.5s, IsSafely=False}
2021-05-13 12:47:12.7360 TRACE - < Execute behavior ValueSetUsingClearAndSendKeysAttribute against "Login Text Input" text input (5.048s) >>
OpenQA.Selenium.NoSuchElementException: Unable to locate visible element:
- By: XPath "(//span[text()='Login * *']/..//../..//input[@type='text'])/descendant-or-self::input[@type='text' or not(@type)]"
- Search time: 5.02s
- Search options: {Visibility=Visible, Timeout=5s, RetryInterval=0.5s, IsSafely=False}
2021-05-13 12:47:12.7373  INFO < Set "zaaxfuwgbdpybkt" to "Login Text Input" text input (5.052s) >>
OpenQA.Selenium.NoSuchElementException: Unable to locate visible element:
- By: XPath "(//span[text()='Login * *']/..//../..//input[@type='text'])/descendant-or-self::input[@type='text' or not(@type)]"
- Search time: 5.02s
- Search options: {Visibility=Visible, Timeout=5s, RetryInterval=0.5s, IsSafely=False}
2021-05-13 12:47:12.7373  INFO < Set "zaaxfuwgbdpybkt" to "Login Text Input" text input (5.052s) >>
OpenQA.Selenium.NoSuchElementException: Unable to locate visible element:
- By: XPath "(//span[text()='Login * *']/..//../..//input[@type='text'])/descendant-or-self::input[@type='text' or not(@type)]"
- Search time: 5.02s
- Search options: {Visibility=Visible, Timeout=5s, RetryInterval=0.5s, IsSafely=False}
-> error: Unable to locate visible element:
- By: XPath "(//span[text()='Login * *']/..//../..//input[@type='text'])/descendant-or-self::input[@type='text' or not(@type)]"
- Search time: 5.02s
- Search options: {Visibility=Visible, Timeout=5s, RetryInterval=0.5s, IsSafely=False} (6,4s)
Then user is not logged
-> skipped because of previous errors
And error messages are displayed
-> skipped because of previous errors
2021-05-13 12:47:13.1565 ERROR OpenQA.Selenium.NoSuchElementException : Unable to locate visible element:
- By: XPath "(//span[text()='Login * *']/..//../..//input[@type='text'])/descendant-or-self::input[@type='text' or not(@type)]"
- Search time: 5.02s
- Search options: {Visibility=Visible, Timeout=5s, RetryInterval=0.5s, IsSafely=False}
   at Atata.ExtendedSearchContext`1.Find(By by)
   at Atata.ExtendedSearchContext`1.FindElement(By by)
   at Atata.ISearchContextExtensions.Get[T](T searchContext, By by)
   at Atata.ISearchContextLoggingExtensions.<>c__DisplayClass0_0.<GetWithLogging>b__0()
   at Atata.LogManager.ExecuteSection[TResult](LogSection section, Func`1 function)
   at Atata.ISearchContextLoggingExtensions.GetWithLogging(ISearchContext searchContext, By by)
   at Atata.XPathComponentScopeFindResult.Get(String xPathCondition)
   at Atata.StrategyScopeLocator.<>c__DisplayClass3_0.<GetElement>b__0(XPathComponentScopeFindResult x)
   at System.Linq.Enumerable.SelectArrayIterator`2.MoveNext()
   at System.Linq.Enumerable.TryGetFirst[TSource](IEnumerable`1 source, Func`2 predicate, Boolean& found)
   at System.Linq.Enumerable.FirstOrDefault[TSource](IEnumerable`1 source, Func`2 predicate)
   at Atata.StrategyScopeLocator.GetElement(SearchOptions searchOptions, String xPathCondition)
   at Atata.UIComponent`1.OnGetScopeElement(SearchOptions searchOptions)
   at Atata.UIComponent.GetScopeElement(SearchOptions searchOptions)
   at Atata.UIComponent.get_Scope()
   at Atata.ValueSetUsingClearAndSendKeysAttribute.Execute[TOwner](IUIComponent`1 component, String value)
   at Atata.EditableTextField`2.<>c__DisplayClass1_0.<SetValue>b__0()
   at Atata.LogManager.ExecuteSection(LogSection section, Action action)
   at Atata.EditableTextField`2.SetValue(T value)
   at Atata.EditableField`2.<>c__DisplayClass12_0.<Set>b__0()
   at Atata.LogManager.ExecuteSection(LogSection section, Action action)
   at Atata.EditableField`2.Set(T value)
   at Atata.EditableField`2.SetRandom()
   at IFlow.Testing.StepDefinitions.RegistrationAndLoginSteps.WhenUserInputIncorrectDataOnLoginPage() in C:\Users\lezi\source\repos\IFLOW.testing\Iflow.Testing\StepDefinitions\RegistrationAndLoginSteps.cs:line 113
   at TechTalk.SpecFlow.Bindings.BindingInvoker.InvokeBinding(IBinding binding, IContextManager contextManager, Object[] arguments, ITestTracer testTracer, TimeSpan& duration)
   at TechTalk.SpecFlow.Infrastructure.TestExecutionEngine.ExecuteStepMatch(BindingMatch match, Object[] arguments, TimeSpan& duration)
   at TechTalk.SpecFlow.Infrastructure.TestExecutionEngine.ExecuteStep(IContextManager contextManager, StepInstance stepInstance)
   at TechTalk.SpecFlow.Infrastructure.TestExecutionEngine.OnAfterLastStep()
   at TechTalk.SpecFlow.TestRunner.CollectScenarioErrors()
   at IFlow.Testing.Feature.LoginTestsFeature.ScenarioCleanup()
   at IFlow.Testing.Feature.LoginTestsFeature.LoginWithIncorrectData() in C:\Users\lezi\source\repos\IFLOW.testing\Iflow.Testing\Feature\LoginTests.feature:line 25
2021-05-13 12:47:13.1565 ERROR OpenQA.Selenium.NoSuchElementException : Unable to locate visible element:
- By: XPath "(//span[text()='Login * *']/..//../..//input[@type='text'])/descendant-or-self::input[@type='text' or not(@type)]"
- Search time: 5.02s
- Search options: {Visibility=Visible, Timeout=5s, RetryInterval=0.5s, IsSafely=False}
   at Atata.ExtendedSearchContext`1.Find(By by)
   at Atata.ExtendedSearchContext`1.FindElement(By by)
   at Atata.ISearchContextExtensions.Get[T](T searchContext, By by)
   at Atata.ISearchContextLoggingExtensions.<>c__DisplayClass0_0.<GetWithLogging>b__0()
   at Atata.LogManager.ExecuteSection[TResult](LogSection section, Func`1 function)
   at Atata.ISearchContextLoggingExtensions.GetWithLogging(ISearchContext searchContext, By by)
   at Atata.XPathComponentScopeFindResult.Get(String xPathCondition)
   at Atata.StrategyScopeLocator.<>c__DisplayClass3_0.<GetElement>b__0(XPathComponentScopeFindResult x)
   at System.Linq.Enumerable.SelectArrayIterator`2.MoveNext()
   at System.Linq.Enumerable.TryGetFirst[TSource](IEnumerable`1 source, Func`2 predicate, Boolean& found)
   at System.Linq.Enumerable.FirstOrDefault[TSource](IEnumerable`1 source, Func`2 predicate)
   at Atata.StrategyScopeLocator.GetElement(SearchOptions searchOptions, String xPathCondition)
   at Atata.UIComponent`1.OnGetScopeElement(SearchOptions searchOptions)
   at Atata.UIComponent.GetScopeElement(SearchOptions searchOptions)
   at Atata.UIComponent.get_Scope()
   at Atata.ValueSetUsingClearAndSendKeysAttribute.Execute[TOwner](IUIComponent`1 component, String value)
   at Atata.EditableTextField`2.<>c__DisplayClass1_0.<SetValue>b__0()
   at Atata.LogManager.ExecuteSection(LogSection section, Action action)
   at Atata.EditableTextField`2.SetValue(T value)
   at Atata.EditableField`2.<>c__DisplayClass12_0.<Set>b__0()
   at Atata.LogManager.ExecuteSection(LogSection section, Action action)
   at Atata.EditableField`2.Set(T value)
   at Atata.EditableField`2.SetRandom()
   at IFlow.Testing.StepDefinitions.RegistrationAndLoginSteps.WhenUserInputIncorrectDataOnLoginPage() in C:\Users\lezi\source\repos\IFLOW.testing\Iflow.Testing\StepDefinitions\RegistrationAndLoginSteps.cs:line 113
   at TechTalk.SpecFlow.Bindings.BindingInvoker.InvokeBinding(IBinding binding, IContextManager contextManager, Object[] arguments, ITestTracer testTracer, TimeSpan& duration)
   at TechTalk.SpecFlow.Infrastructure.TestExecutionEngine.ExecuteStepMatch(BindingMatch match, Object[] arguments, TimeSpan& duration)
   at TechTalk.SpecFlow.Infrastructure.TestExecutionEngine.ExecuteStep(IContextManager contextManager, StepInstance stepInstance)
   at TechTalk.SpecFlow.Infrastructure.TestExecutionEngine.OnAfterLastStep()
   at TechTalk.SpecFlow.TestRunner.CollectScenarioErrors()
   at IFlow.Testing.Feature.LoginTestsFeature.ScenarioCleanup()
   at IFlow.Testing.Feature.LoginTestsFeature.LoginWithIncorrectData() in C:\Users\lezi\source\repos\IFLOW.testing\Iflow.Testing\Feature\LoginTests.feature:line 25
2021-05-13 12:47:13.1591 ERROR OpenQA.Selenium.NoSuchElementException : Unable to locate visible element:
- By: XPath "(//span[text()='Login * *']/..//../..//input[@type='text'])/descendant-or-self::input[@type='text' or not(@type)]"
- Search time: 5.02s
- Search options: {Visibility=Visible, Timeout=5s, RetryInterval=0.5s, IsSafely=False}
   at Atata.ExtendedSearchContext`1.Find(By by)
   at Atata.ExtendedSearchContext`1.FindElement(By by)
   at Atata.ISearchContextExtensions.Get[T](T searchContext, By by)
   at Atata.ISearchContextLoggingExtensions.<>c__DisplayClass0_0.<GetWithLogging>b__0()
   at Atata.LogManager.ExecuteSection[TResult](LogSection section, Func`1 function)
   at Atata.ISearchContextLoggingExtensions.GetWithLogging(ISearchContext searchContext, By by)
   at Atata.XPathComponentScopeFindResult.Get(String xPathCondition)
   at Atata.StrategyScopeLocator.<>c__DisplayClass3_0.<GetElement>b__0(XPathComponentScopeFindResult x)
   at System.Linq.Enumerable.SelectArrayIterator`2.MoveNext()
   at System.Linq.Enumerable.TryGetFirst[TSource](IEnumerable`1 source, Func`2 predicate, Boolean& found)
   at System.Linq.Enumerable.FirstOrDefault[TSource](IEnumerable`1 source, Func`2 predicate)
   at Atata.StrategyScopeLocator.GetElement(SearchOptions searchOptions, String xPathCondition)
   at Atata.UIComponent`1.OnGetScopeElement(SearchOptions searchOptions)
   at Atata.UIComponent.GetScopeElement(SearchOptions searchOptions)
   at Atata.UIComponent.get_Scope()
   at Atata.ValueSetUsingClearAndSendKeysAttribute.Execute[TOwner](IUIComponent`1 component, String value)
   at Atata.EditableTextField`2.<>c__DisplayClass1_0.<SetValue>b__0()
   at Atata.LogManager.ExecuteSection(LogSection section, Action action)
   at Atata.EditableTextField`2.SetValue(T value)
   at Atata.EditableField`2.<>c__DisplayClass12_0.<Set>b__0()
   at Atata.LogManager.ExecuteSection(LogSection section, Action action)
   at Atata.EditableField`2.Set(T value)
   at Atata.EditableField`2.SetRandom()
   at IFlow.Testing.StepDefinitions.RegistrationAndLoginSteps.WhenUserInputIncorrectDataOnLoginPage() in C:\Users\lezi\source\repos\IFLOW.testing\Iflow.Testing\StepDefinitions\RegistrationAndLoginSteps.cs:line 113
   at TechTalk.SpecFlow.Bindings.BindingInvoker.InvokeBinding(IBinding binding, IContextManager contextManager, Object[] arguments, ITestTracer testTracer, TimeSpan& duration)
   at TechTalk.SpecFlow.Infrastructure.TestExecutionEngine.ExecuteStepMatch(BindingMatch match, Object[] arguments, TimeSpan& duration)
   at TechTalk.SpecFlow.Infrastructure.TestExecutionEngine.ExecuteStep(IContextManager contextManager, StepInstance stepInstance)
   at TechTalk.SpecFlow.Infrastructure.TestExecutionEngine.OnAfterLastStep()
   at TechTalk.SpecFlow.TestRunner.CollectScenarioErrors()
   at IFlow.Testing.Feature.LoginTestsFeature.ScenarioCleanup()
   at IFlow.Testing.Feature.LoginTestsFeature.LoginWithIncorrectData() in C:\Users\lezi\source\repos\IFLOW.testing\Iflow.Testing\Feature\LoginTests.feature:line 25
2021-05-13 12:47:13.1591 ERROR OpenQA.Selenium.NoSuchElementException : Unable to locate visible element:
- By: XPath "(//span[text()='Login * *']/..//../..//input[@type='text'])/descendant-or-self::input[@type='text' or not(@type)]"
- Search time: 5.02s
- Search options: {Visibility=Visible, Timeout=5s, RetryInterval=0.5s, IsSafely=False}
   at Atata.ExtendedSearchContext`1.Find(By by)
   at Atata.ExtendedSearchContext`1.FindElement(By by)
   at Atata.ISearchContextExtensions.Get[T](T searchContext, By by)
   at Atata.ISearchContextLoggingExtensions.<>c__DisplayClass0_0.<GetWithLogging>b__0()
   at Atata.LogManager.ExecuteSection[TResult](LogSection section, Func`1 function)
   at Atata.ISearchContextLoggingExtensions.GetWithLogging(ISearchContext searchContext, By by)
   at Atata.XPathComponentScopeFindResult.Get(String xPathCondition)
   at Atata.StrategyScopeLocator.<>c__DisplayClass3_0.<GetElement>b__0(XPathComponentScopeFindResult x)
   at System.Linq.Enumerable.SelectArrayIterator`2.MoveNext()
   at System.Linq.Enumerable.TryGetFirst[TSource](IEnumerable`1 source, Func`2 predicate, Boolean& found)
   at System.Linq.Enumerable.FirstOrDefault[TSource](IEnumerable`1 source, Func`2 predicate)
   at Atata.StrategyScopeLocator.GetElement(SearchOptions searchOptions, String xPathCondition)
   at Atata.UIComponent`1.OnGetScopeElement(SearchOptions searchOptions)
   at Atata.UIComponent.GetScopeElement(SearchOptions searchOptions)
   at Atata.UIComponent.get_Scope()
   at Atata.ValueSetUsingClearAndSendKeysAttribute.Execute[TOwner](IUIComponent`1 component, String value)
   at Atata.EditableTextField`2.<>c__DisplayClass1_0.<SetValue>b__0()
   at Atata.LogManager.ExecuteSection(LogSection section, Action action)
   at Atata.EditableTextField`2.SetValue(T value)
   at Atata.EditableField`2.<>c__DisplayClass12_0.<Set>b__0()
   at Atata.LogManager.ExecuteSection(LogSection section, Action action)
   at Atata.EditableField`2.Set(T value)
   at Atata.EditableField`2.SetRandom()
   at IFlow.Testing.StepDefinitions.RegistrationAndLoginSteps.WhenUserInputIncorrectDataOnLoginPage() in C:\Users\lezi\source\repos\IFLOW.testing\Iflow.Testing\StepDefinitions\RegistrationAndLoginSteps.cs:line 113
   at TechTalk.SpecFlow.Bindings.BindingInvoker.InvokeBinding(IBinding binding, IContextManager contextManager, Object[] arguments, ITestTracer testTracer, TimeSpan& duration)
   at TechTalk.SpecFlow.Infrastructure.TestExecutionEngine.ExecuteStepMatch(BindingMatch match, Object[] arguments, TimeSpan& duration)
   at TechTalk.SpecFlow.Infrastructure.TestExecutionEngine.ExecuteStep(IContextManager contextManager, StepInstance stepInstance)
   at TechTalk.SpecFlow.Infrastructure.TestExecutionEngine.OnAfterLastStep()
   at TechTalk.SpecFlow.TestRunner.CollectScenarioErrors()
   at IFlow.Testing.Feature.LoginTestsFeature.ScenarioCleanup()
   at IFlow.Testing.Feature.LoginTestsFeature.LoginWithIncorrectData() in C:\Users\lezi\source\repos\IFLOW.testing\Iflow.Testing\Feature\LoginTests.feature:line 25
2021-05-13 12:47:13.1597  INFO > Clean up AtataContext
2021-05-13 12:47:13.1597  INFO > Clean up AtataContext
2021-05-13 12:47:13.2454  INFO < Clean up AtataContext (0.085s)
2021-05-13 12:47:13.2454  INFO < Clean up AtataContext (0.085s)
2021-05-13 12:47:13.2460  INFO Finished test (8.210s)
2021-05-13 12:47:13.2460  INFO Finished test (8.210s)
2021-05-13 12:47:13.2464  INFO Pure test execution time: 6.806s
2021-05-13 12:47:13.2464  INFO Pure test execution time: 6.806s

]]></output>
              <failure>
                <message>OpenQA.Selenium.NoSuchElementException : Unable to locate visible element:
- By: XPath "(//span[text()='Login * *']/..//../..//input[@type='text'])/descendant-or-self::input[@type='text' or not(@type)]"
- Search time: 5.02s
- Search options: {Visibility=Visible, Timeout=5s, RetryInterval=0.5s, IsSafely=False}</message>
                <stack-trace>   at Atata.ExtendedSearchContext`1.Find(By by)
   at Atata.ExtendedSearchContext`1.FindElement(By by)
   at Atata.ISearchContextExtensions.Get[T](T searchContext, By by)
   at Atata.ISearchContextLoggingExtensions.&lt;&gt;c__DisplayClass0_0.&lt;GetWithLogging&gt;b__0()
   at Atata.LogManager.ExecuteSection[TResult](LogSection section, Func`1 function)
   at Atata.ISearchContextLoggingExtensions.GetWithLogging(ISearchContext searchContext, By by)
   at Atata.XPathComponentScopeFindResult.Get(String xPathCondition)
   at Atata.StrategyScopeLocator.&lt;&gt;c__DisplayClass3_0.&lt;GetElement&gt;b__0(XPathComponentScopeFindResult x)
   at System.Linq.Enumerable.SelectArrayIterator`2.MoveNext()
   at System.Linq.Enumerable.TryGetFirst[TSource](IEnumerable`1 source, Func`2 predicate, Boolean&amp; found)
   at System.Linq.Enumerable.FirstOrDefault[TSource](IEnumerable`1 source, Func`2 predicate)
   at Atata.StrategyScopeLocator.GetElement(SearchOptions searchOptions, String xPathCondition)
   at Atata.UIComponent`1.OnGetScopeElement(SearchOptions searchOptions)
   at Atata.UIComponent.GetScopeElement(SearchOptions searchOptions)
   at Atata.UIComponent.get_Scope()
   at Atata.ValueSetUsingClearAndSendKeysAttribute.Execute[TOwner](IUIComponent`1 component, String value)
   at Atata.EditableTextField`2.&lt;&gt;c__DisplayClass1_0.&lt;SetValue&gt;b__0()
   at Atata.LogManager.ExecuteSection(LogSection section, Action action)
   at Atata.EditableTextField`2.SetValue(T value)
   at Atata.EditableField`2.&lt;&gt;c__DisplayClass12_0.&lt;Set&gt;b__0()
   at Atata.LogManager.ExecuteSection(LogSection section, Action action)
   at Atata.EditableField`2.Set(T value)
   at Atata.EditableField`2.SetRandom()
   at IFlow.Testing.StepDefinitions.RegistrationAndLoginSteps.WhenUserInputIncorrectDataOnLoginPage() in C:\Users\lezi\source\repos\IFLOW.testing\Iflow.Testing\StepDefinitions\RegistrationAndLoginSteps.cs:line 113
   at TechTalk.SpecFlow.Bindings.BindingInvoker.InvokeBinding(IBinding binding, IContextManager contextManager, Object[] arguments, ITestTracer testTracer, TimeSpan&amp; duration)
   at TechTalk.SpecFlow.Infrastructure.TestExecutionEngine.ExecuteStepMatch(BindingMatch match, Object[] arguments, TimeSpan&amp; duration)
   at TechTalk.SpecFlow.Infrastructure.TestExecutionEngine.ExecuteStep(IContextManager contextManager, StepInstance stepInstance)
   at TechTalk.SpecFlow.Infrastructure.TestExecutionEngine.OnAfterLastStep()
   at TechTalk.SpecFlow.TestRunner.CollectScenarioErrors()
   at IFlow.Testing.Feature.LoginTestsFeature.ScenarioCleanup()
   at IFlow.Testing.Feature.LoginTestsFeature.LoginWithIncorrectData() in C:\Users\lezi\source\repos\IFLOW.testing\Iflow.Testing\Feature\LoginTests.feature:line 25</stack-trace>
              </failure>
            </test-case>
            <test-case name="UserLoginByAPI" fullname="IFlow.Testing.Feature.LoginTestsFeature.UserLoginByAPI" methodname="UserLoginByAPI" classname="LoginTestsFeature" result="Failed" start-time="2021-05-13T 10:47:13Z" end-time="2021-05-13T 10:47:16Z" duration="3.122373" asserts="0">
              <output><![CDATA[2021-05-13 12:47:13.2552  INFO Starting test: UserLoginByAPI
2021-05-13 12:47:13.2552  INFO Starting test: UserLoginByAPI
2021-05-13 12:47:13.2555 TRACE > Set up AtataContext
2021-05-13 12:47:13.2555 TRACE > Set up AtataContext
2021-05-13 12:47:13.2564 TRACE - Use: "Atata.json" config
2021-05-13 12:47:13.2564 TRACE - Use: "Atata.json" config
2021-05-13 12:47:13.2568 TRACE - Set: ElementFindTimeout=5s; ElementFindRetryInterval=0.5s
2021-05-13 12:47:13.2568 TRACE - Set: ElementFindTimeout=5s; ElementFindRetryInterval=0.5s
2021-05-13 12:47:13.2570 TRACE - Set: WaitingTimeout=5s; WaitingRetryInterval=0.5s
2021-05-13 12:47:13.2570 TRACE - Set: WaitingTimeout=5s; WaitingRetryInterval=0.5s
2021-05-13 12:47:13.2573 TRACE - Set: VerificationTimeout=5s; VerificationRetryInterval=0.5s
2021-05-13 12:47:13.2573 TRACE - Set: VerificationTimeout=5s; VerificationRetryInterval=0.5s
2021-05-13 12:47:13.2575 TRACE - Set: Culture=en-US
2021-05-13 12:47:13.2575 TRACE - Set: Culture=en-US
2021-05-13 12:47:13.2583 TRACE - Set: DriverService=ChromeDriverService on port 55715
2021-05-13 12:47:13.2583 TRACE - Set: DriverService=ChromeDriverService on port 55715
2021-05-13 12:47:14.4758 TRACE - Set: Driver=ChromeDriver (alias=chrome-headless)
2021-05-13 12:47:14.4758 TRACE - Set: Driver=ChromeDriver (alias=chrome-headless)
2021-05-13 12:47:14.4783 TRACE < Set up AtataContext (1.222s)
2021-05-13 12:47:14.4783 TRACE < Set up AtataContext (1.222s)
When Registration by api
-> done: ApiSteps.WhenRegistrationByApi() (0,5s)
And Accept registration by email
-> done: ApiSteps.WhenAcceptRegistrationByEmail() (0,6s)
When User send correct data to log in
-> binding error: Error calling binding method 'IFlow.Testing:IFlow.Testing.StepDefinitions.ApiSteps.WhenUserSendCorrectDataToLogIn()': An item with the same key has already been added. Key: userName
And User input credentials on login page
-> skipped because of previous errors
Then User is logged to account
-> skipped because of previous errors
2021-05-13 12:47:16.2633 ERROR TechTalk.SpecFlow.BindingException : Error calling binding method 'IFlow.Testing:IFlow.Testing.StepDefinitions.ApiSteps.WhenUserSendCorrectDataToLogIn()': An item with the same key has already been added. Key: userName
   at TechTalk.SpecFlow.Bindings.BindingInvoker.InvokeBinding(IBinding binding, IContextManager contextManager, Object[] arguments, ITestTracer testTracer, TimeSpan& duration)
   at TechTalk.SpecFlow.Infrastructure.TestExecutionEngine.ExecuteStepMatch(BindingMatch match, Object[] arguments, TimeSpan& duration)
   at TechTalk.SpecFlow.Infrastructure.TestExecutionEngine.ExecuteStep(IContextManager contextManager, StepInstance stepInstance)
   at TechTalk.SpecFlow.Infrastructure.TestExecutionEngine.OnAfterLastStep()
   at TechTalk.SpecFlow.TestRunner.CollectScenarioErrors()
   at IFlow.Testing.Feature.LoginTestsFeature.ScenarioCleanup()
   at IFlow.Testing.Feature.LoginTestsFeature.UserLoginByAPI() in C:\Users\lezi\source\repos\IFLOW.testing\Iflow.Testing\Feature\LoginTests.feature:line 19
2021-05-13 12:47:16.2633 ERROR TechTalk.SpecFlow.BindingException : Error calling binding method 'IFlow.Testing:IFlow.Testing.StepDefinitions.ApiSteps.WhenUserSendCorrectDataToLogIn()': An item with the same key has already been added. Key: userName
   at TechTalk.SpecFlow.Bindings.BindingInvoker.InvokeBinding(IBinding binding, IContextManager contextManager, Object[] arguments, ITestTracer testTracer, TimeSpan& duration)
   at TechTalk.SpecFlow.Infrastructure.TestExecutionEngine.ExecuteStepMatch(BindingMatch match, Object[] arguments, TimeSpan& duration)
   at TechTalk.SpecFlow.Infrastructure.TestExecutionEngine.ExecuteStep(IContextManager contextManager, StepInstance stepInstance)
   at TechTalk.SpecFlow.Infrastructure.TestExecutionEngine.OnAfterLastStep()
   at TechTalk.SpecFlow.TestRunner.CollectScenarioErrors()
   at IFlow.Testing.Feature.LoginTestsFeature.ScenarioCleanup()
   at IFlow.Testing.Feature.LoginTestsFeature.UserLoginByAPI() in C:\Users\lezi\source\repos\IFLOW.testing\Iflow.Testing\Feature\LoginTests.feature:line 19
2021-05-13 12:47:16.2645 ERROR TechTalk.SpecFlow.BindingException : Error calling binding method 'IFlow.Testing:IFlow.Testing.StepDefinitions.ApiSteps.WhenUserSendCorrectDataToLogIn()': An item with the same key has already been added. Key: userName
   at TechTalk.SpecFlow.Bindings.BindingInvoker.InvokeBinding(IBinding binding, IContextManager contextManager, Object[] arguments, ITestTracer testTracer, TimeSpan& duration)
   at TechTalk.SpecFlow.Infrastructure.TestExecutionEngine.ExecuteStepMatch(BindingMatch match, Object[] arguments, TimeSpan& duration)
   at TechTalk.SpecFlow.Infrastructure.TestExecutionEngine.ExecuteStep(IContextManager contextManager, StepInstance stepInstance)
   at TechTalk.SpecFlow.Infrastructure.TestExecutionEngine.OnAfterLastStep()
   at TechTalk.SpecFlow.TestRunner.CollectScenarioErrors()
   at IFlow.Testing.Feature.LoginTestsFeature.ScenarioCleanup()
   at IFlow.Testing.Feature.LoginTestsFeature.UserLoginByAPI() in C:\Users\lezi\source\repos\IFLOW.testing\Iflow.Testing\Feature\LoginTests.feature:line 19
2021-05-13 12:47:16.2645 ERROR TechTalk.SpecFlow.BindingException : Error calling binding method 'IFlow.Testing:IFlow.Testing.StepDefinitions.ApiSteps.WhenUserSendCorrectDataToLogIn()': An item with the same key has already been added. Key: userName
   at TechTalk.SpecFlow.Bindings.BindingInvoker.InvokeBinding(IBinding binding, IContextManager contextManager, Object[] arguments, ITestTracer testTracer, TimeSpan& duration)
   at TechTalk.SpecFlow.Infrastructure.TestExecutionEngine.ExecuteStepMatch(BindingMatch match, Object[] arguments, TimeSpan& duration)
   at TechTalk.SpecFlow.Infrastructure.TestExecutionEngine.ExecuteStep(IContextManager contextManager, StepInstance stepInstance)
   at TechTalk.SpecFlow.Infrastructure.TestExecutionEngine.OnAfterLastStep()
   at TechTalk.SpecFlow.TestRunner.CollectScenarioErrors()
   at IFlow.Testing.Feature.LoginTestsFeature.ScenarioCleanup()
   at IFlow.Testing.Feature.LoginTestsFeature.UserLoginByAPI() in C:\Users\lezi\source\repos\IFLOW.testing\Iflow.Testing\Feature\LoginTests.feature:line 19
2021-05-13 12:47:16.2648  INFO > Clean up AtataContext
2021-05-13 12:47:16.2648  INFO > Clean up AtataContext
2021-05-13 12:47:16.3747  INFO < Clean up AtataContext (0.109s)
2021-05-13 12:47:16.3747  INFO < Clean up AtataContext (0.109s)
2021-05-13 12:47:16.3752  INFO Finished test (3.120s)
2021-05-13 12:47:16.3752  INFO Finished test (3.120s)
2021-05-13 12:47:16.3754  INFO Pure test execution time: 1.782s
2021-05-13 12:47:16.3754  INFO Pure test execution time: 1.782s

]]></output>
              <failure>
                <message>TechTalk.SpecFlow.BindingException : Error calling binding method 'IFlow.Testing:IFlow.Testing.StepDefinitions.ApiSteps.WhenUserSendCorrectDataToLogIn()': An item with the same key has already been added. Key: userName</message>
                <stack-trace>   at TechTalk.SpecFlow.Bindings.BindingInvoker.InvokeBinding(IBinding binding, IContextManager contextManager, Object[] arguments, ITestTracer testTracer, TimeSpan&amp; duration)
   at TechTalk.SpecFlow.Infrastructure.TestExecutionEngine.ExecuteStepMatch(BindingMatch match, Object[] arguments, TimeSpan&amp; duration)
   at TechTalk.SpecFlow.Infrastructure.TestExecutionEngine.ExecuteStep(IContextManager contextManager, StepInstance stepInstance)
   at TechTalk.SpecFlow.Infrastructure.TestExecutionEngine.OnAfterLastStep()
   at TechTalk.SpecFlow.TestRunner.CollectScenarioErrors()
   at IFlow.Testing.Feature.LoginTestsFeature.ScenarioCleanup()
   at IFlow.Testing.Feature.LoginTestsFeature.UserLoginByAPI() in C:\Users\lezi\source\repos\IFLOW.testing\Iflow.Testing\Feature\LoginTests.feature:line 19</stack-trace>
              </failure>
            </test-case>
            <test-case name="UserWantsToLogInWitchActiveAccount" fullname="IFlow.Testing.Feature.LoginTestsFeature.UserWantsToLogInWitchActiveAccount" methodname="UserWantsToLogInWitchActiveAccount" classname="LoginTestsFeature" result="Failed" start-time="2021-05-13T 10:47:16Z" end-time="2021-05-13T 10:47:25Z" duration="8.675562" asserts="0">
              <properties>
                <property name="Category" value="TEST_IB-129" />
              </properties>
              <output><![CDATA[2021-05-13 12:47:16.3777  INFO Starting test: UserWantsToLogInWitchActiveAccount
2021-05-13 12:47:16.3777  INFO Starting test: UserWantsToLogInWitchActiveAccount
2021-05-13 12:47:16.3779 TRACE > Set up AtataContext
2021-05-13 12:47:16.3779 TRACE > Set up AtataContext
2021-05-13 12:47:16.3785 TRACE - Use: "Atata.json" config
2021-05-13 12:47:16.3785 TRACE - Use: "Atata.json" config
2021-05-13 12:47:16.3788 TRACE - Set: ElementFindTimeout=5s; ElementFindRetryInterval=0.5s
2021-05-13 12:47:16.3788 TRACE - Set: ElementFindTimeout=5s; ElementFindRetryInterval=0.5s
2021-05-13 12:47:16.3790 TRACE - Set: WaitingTimeout=5s; WaitingRetryInterval=0.5s
2021-05-13 12:47:16.3790 TRACE - Set: WaitingTimeout=5s; WaitingRetryInterval=0.5s
2021-05-13 12:47:16.3792 TRACE - Set: VerificationTimeout=5s; VerificationRetryInterval=0.5s
2021-05-13 12:47:16.3792 TRACE - Set: VerificationTimeout=5s; VerificationRetryInterval=0.5s
2021-05-13 12:47:16.3794 TRACE - Set: Culture=en-US
2021-05-13 12:47:16.3794 TRACE - Set: Culture=en-US
2021-05-13 12:47:16.3811 TRACE - Set: DriverService=ChromeDriverService on port 55735
2021-05-13 12:47:16.3811 TRACE - Set: DriverService=ChromeDriverService on port 55735
2021-05-13 12:47:17.6781 TRACE - Set: Driver=ChromeDriver (alias=chrome-headless)
2021-05-13 12:47:17.6781 TRACE - Set: Driver=ChromeDriver (alias=chrome-headless)
2021-05-13 12:47:17.6791 TRACE < Set up AtataContext (1.301s)
2021-05-13 12:47:17.6791 TRACE < Set up AtataContext (1.301s)
Given Registration by api
-> done: ApiSteps.WhenRegistrationByApi() (0,3s)
When Accept registration by email
-> done: ApiSteps.WhenAcceptRegistrationByEmail() (0,1s)
And User input credentials on login page
2021-05-13 12:47:18.3027  INFO Go to "Login" page
2021-05-13 12:47:18.3027  INFO Go to "Login" page
2021-05-13 12:47:18.3060  INFO Go to URL "http://app-iflow-dev-001.azurewebsites.net/login"
2021-05-13 12:47:18.3060  INFO Go to URL "http://app-iflow-dev-001.azurewebsites.net/login"
2021-05-13 12:47:19.7549 TRACE > Execute trigger VerifyTitleAttribute { Values="React app", Case=Title, Match=Equals } on Init against "Login" page
2021-05-13 12:47:19.7549 TRACE > Execute trigger VerifyTitleAttribute { Values="React app", Case=Title, Match=Equals } on Init against "Login" page
2021-05-13 12:47:19.7562  INFO - > Assert: title should equal "React app"
2021-05-13 12:47:19.7562  INFO - > Assert: title should equal "React app"
2021-05-13 12:47:19.7645  INFO - < Assert: title should equal "React app" (0.008s)
2021-05-13 12:47:19.7645  INFO - < Assert: title should equal "React app" (0.008s)
2021-05-13 12:47:19.7650 TRACE < Execute trigger VerifyTitleAttribute { Values="React app", Case=Title, Match=Equals } on Init against "Login" page (0.010s)
2021-05-13 12:47:19.7650 TRACE < Execute trigger VerifyTitleAttribute { Values="React app", Case=Title, Match=Equals } on Init against "Login" page (0.010s)
2021-05-13 12:47:19.7655  INFO > Set "Lela.Fritsch" to "Login Text Input" text input
2021-05-13 12:47:19.7655  INFO > Set "Lela.Fritsch" to "Login Text Input" text input
2021-05-13 12:47:19.7658 TRACE - > Execute behavior ValueSetUsingClearAndSendKeysAttribute against "Login Text Input" text input
2021-05-13 12:47:19.7658 TRACE - > Execute behavior ValueSetUsingClearAndSendKeysAttribute against "Login Text Input" text input
2021-05-13 12:47:19.7670 TRACE - - > Find visible element by XPath "(//span[text()='Login * *']/..//../..//input[@type='text'])/descendant-or-self::input[@type='text' or not(@type)]" in ChromeDriver
2021-05-13 12:47:19.7670 TRACE - - > Find visible element by XPath "(//span[text()='Login * *']/..//../..//input[@type='text'])/descendant-or-self::input[@type='text' or not(@type)]" in ChromeDriver
2021-05-13 12:47:24.7751 TRACE - - < Find visible element by XPath "(//span[text()='Login * *']/..//../..//input[@type='text'])/descendant-or-self::input[@type='text' or not(@type)]" in ChromeDriver (5.008s) >>
OpenQA.Selenium.NoSuchElementException: Unable to locate visible element:
- By: XPath "(//span[text()='Login * *']/..//../..//input[@type='text'])/descendant-or-self::input[@type='text' or not(@type)]"
- Search time: 5.007s
- Search options: {Visibility=Visible, Timeout=5s, RetryInterval=0.5s, IsSafely=False}
2021-05-13 12:47:24.7751 TRACE - - < Find visible element by XPath "(//span[text()='Login * *']/..//../..//input[@type='text'])/descendant-or-self::input[@type='text' or not(@type)]" in ChromeDriver (5.008s) >>
OpenQA.Selenium.NoSuchElementException: Unable to locate visible element:
- By: XPath "(//span[text()='Login * *']/..//../..//input[@type='text'])/descendant-or-self::input[@type='text' or not(@type)]"
- Search time: 5.007s
- Search options: {Visibility=Visible, Timeout=5s, RetryInterval=0.5s, IsSafely=False}
2021-05-13 12:47:24.7762 TRACE - < Execute behavior ValueSetUsingClearAndSendKeysAttribute against "Login Text Input" text input (5.010s) >>
OpenQA.Selenium.NoSuchElementException: Unable to locate visible element:
- By: XPath "(//span[text()='Login * *']/..//../..//input[@type='text'])/descendant-or-self::input[@type='text' or not(@type)]"
- Search time: 5.007s
- Search options: {Visibility=Visible, Timeout=5s, RetryInterval=0.5s, IsSafely=False}
2021-05-13 12:47:24.7762 TRACE - < Execute behavior ValueSetUsingClearAndSendKeysAttribute against "Login Text Input" text input (5.010s) >>
OpenQA.Selenium.NoSuchElementException: Unable to locate visible element:
- By: XPath "(//span[text()='Login * *']/..//../..//input[@type='text'])/descendant-or-self::input[@type='text' or not(@type)]"
- Search time: 5.007s
- Search options: {Visibility=Visible, Timeout=5s, RetryInterval=0.5s, IsSafely=False}
2021-05-13 12:47:24.7778  INFO < Set "Lela.Fritsch" to "Login Text Input" text input (5.012s) >>
OpenQA.Selenium.NoSuchElementException: Unable to locate visible element:
- By: XPath "(//span[text()='Login * *']/..//../..//input[@type='text'])/descendant-or-self::input[@type='text' or not(@type)]"
- Search time: 5.007s
- Search options: {Visibility=Visible, Timeout=5s, RetryInterval=0.5s, IsSafely=False}
2021-05-13 12:47:24.7778  INFO < Set "Lela.Fritsch" to "Login Text Input" text input (5.012s) >>
OpenQA.Selenium.NoSuchElementException: Unable to locate visible element:
- By: XPath "(//span[text()='Login * *']/..//../..//input[@type='text'])/descendant-or-self::input[@type='text' or not(@type)]"
- Search time: 5.007s
- Search options: {Visibility=Visible, Timeout=5s, RetryInterval=0.5s, IsSafely=False}
-> error: Unable to locate visible element:
- By: XPath "(//span[text()='Login * *']/..//../..//input[@type='text'])/descendant-or-self::input[@type='text' or not(@type)]"
- Search time: 5.007s
- Search options: {Visibility=Visible, Timeout=5s, RetryInterval=0.5s, IsSafely=False} (6,5s)
Then User is logged to account
-> skipped because of previous errors
2021-05-13 12:47:24.9698 ERROR OpenQA.Selenium.NoSuchElementException : Unable to locate visible element:
- By: XPath "(//span[text()='Login * *']/..//../..//input[@type='text'])/descendant-or-self::input[@type='text' or not(@type)]"
- Search time: 5.007s
- Search options: {Visibility=Visible, Timeout=5s, RetryInterval=0.5s, IsSafely=False}
   at Atata.ExtendedSearchContext`1.Find(By by)
   at Atata.ExtendedSearchContext`1.FindElement(By by)
   at Atata.ISearchContextExtensions.Get[T](T searchContext, By by)
   at Atata.ISearchContextLoggingExtensions.<>c__DisplayClass0_0.<GetWithLogging>b__0()
   at Atata.LogManager.ExecuteSection[TResult](LogSection section, Func`1 function)
   at Atata.ISearchContextLoggingExtensions.GetWithLogging(ISearchContext searchContext, By by)
   at Atata.XPathComponentScopeFindResult.Get(String xPathCondition)
   at Atata.StrategyScopeLocator.<>c__DisplayClass3_0.<GetElement>b__0(XPathComponentScopeFindResult x)
   at System.Linq.Enumerable.SelectArrayIterator`2.MoveNext()
   at System.Linq.Enumerable.TryGetFirst[TSource](IEnumerable`1 source, Func`2 predicate, Boolean& found)
   at System.Linq.Enumerable.FirstOrDefault[TSource](IEnumerable`1 source, Func`2 predicate)
   at Atata.StrategyScopeLocator.GetElement(SearchOptions searchOptions, String xPathCondition)
   at Atata.UIComponent`1.OnGetScopeElement(SearchOptions searchOptions)
   at Atata.UIComponent.GetScopeElement(SearchOptions searchOptions)
   at Atata.UIComponent.get_Scope()
   at Atata.ValueSetUsingClearAndSendKeysAttribute.Execute[TOwner](IUIComponent`1 component, String value)
   at Atata.EditableTextField`2.<>c__DisplayClass1_0.<SetValue>b__0()
   at Atata.LogManager.ExecuteSection(LogSection section, Action action)
   at Atata.EditableTextField`2.SetValue(T value)
   at Atata.EditableField`2.<>c__DisplayClass12_0.<Set>b__0()
   at Atata.LogManager.ExecuteSection(LogSection section, Action action)
   at Atata.EditableField`2.Set(T value)
   at IFlow.Testing.StepDefinitions.RegistrationAndLoginSteps.WhenUserInputCredentialsOnLoginPage() in C:\Users\lezi\source\repos\IFLOW.testing\Iflow.Testing\StepDefinitions\RegistrationAndLoginSteps.cs:line 59
   at TechTalk.SpecFlow.Bindings.BindingInvoker.InvokeBinding(IBinding binding, IContextManager contextManager, Object[] arguments, ITestTracer testTracer, TimeSpan& duration)
   at TechTalk.SpecFlow.Infrastructure.TestExecutionEngine.ExecuteStepMatch(BindingMatch match, Object[] arguments, TimeSpan& duration)
   at TechTalk.SpecFlow.Infrastructure.TestExecutionEngine.ExecuteStep(IContextManager contextManager, StepInstance stepInstance)
   at TechTalk.SpecFlow.Infrastructure.TestExecutionEngine.OnAfterLastStep()
   at TechTalk.SpecFlow.TestRunner.CollectScenarioErrors()
   at IFlow.Testing.Feature.LoginTestsFeature.ScenarioCleanup()
   at IFlow.Testing.Feature.LoginTestsFeature.UserWantsToLogInWitchActiveAccount() in C:\Users\lezi\source\repos\IFLOW.testing\Iflow.Testing\Feature\LoginTests.feature:line 12
2021-05-13 12:47:24.9698 ERROR OpenQA.Selenium.NoSuchElementException : Unable to locate visible element:
- By: XPath "(//span[text()='Login * *']/..//../..//input[@type='text'])/descendant-or-self::input[@type='text' or not(@type)]"
- Search time: 5.007s
- Search options: {Visibility=Visible, Timeout=5s, RetryInterval=0.5s, IsSafely=False}
   at Atata.ExtendedSearchContext`1.Find(By by)
   at Atata.ExtendedSearchContext`1.FindElement(By by)
   at Atata.ISearchContextExtensions.Get[T](T searchContext, By by)
   at Atata.ISearchContextLoggingExtensions.<>c__DisplayClass0_0.<GetWithLogging>b__0()
   at Atata.LogManager.ExecuteSection[TResult](LogSection section, Func`1 function)
   at Atata.ISearchContextLoggingExtensions.GetWithLogging(ISearchContext searchContext, By by)
   at Atata.XPathComponentScopeFindResult.Get(String xPathCondition)
   at Atata.StrategyScopeLocator.<>c__DisplayClass3_0.<GetElement>b__0(XPathComponentScopeFindResult x)
   at System.Linq.Enumerable.SelectArrayIterator`2.MoveNext()
   at System.Linq.Enumerable.TryGetFirst[TSource](IEnumerable`1 source, Func`2 predicate, Boolean& found)
   at System.Linq.Enumerable.FirstOrDefault[TSource](IEnumerable`1 source, Func`2 predicate)
   at Atata.StrategyScopeLocator.GetElement(SearchOptions searchOptions, String xPathCondition)
   at Atata.UIComponent`1.OnGetScopeElement(SearchOptions searchOptions)
   at Atata.UIComponent.GetScopeElement(SearchOptions searchOptions)
   at Atata.UIComponent.get_Scope()
   at Atata.ValueSetUsingClearAndSendKeysAttribute.Execute[TOwner](IUIComponent`1 component, String value)
   at Atata.EditableTextField`2.<>c__DisplayClass1_0.<SetValue>b__0()
   at Atata.LogManager.ExecuteSection(LogSection section, Action action)
   at Atata.EditableTextField`2.SetValue(T value)
   at Atata.EditableField`2.<>c__DisplayClass12_0.<Set>b__0()
   at Atata.LogManager.ExecuteSection(LogSection section, Action action)
   at Atata.EditableField`2.Set(T value)
   at IFlow.Testing.StepDefinitions.RegistrationAndLoginSteps.WhenUserInputCredentialsOnLoginPage() in C:\Users\lezi\source\repos\IFLOW.testing\Iflow.Testing\StepDefinitions\RegistrationAndLoginSteps.cs:line 59
   at TechTalk.SpecFlow.Bindings.BindingInvoker.InvokeBinding(IBinding binding, IContextManager contextManager, Object[] arguments, ITestTracer testTracer, TimeSpan& duration)
   at TechTalk.SpecFlow.Infrastructure.TestExecutionEngine.ExecuteStepMatch(BindingMatch match, Object[] arguments, TimeSpan& duration)
   at TechTalk.SpecFlow.Infrastructure.TestExecutionEngine.ExecuteStep(IContextManager contextManager, StepInstance stepInstance)
   at TechTalk.SpecFlow.Infrastructure.TestExecutionEngine.OnAfterLastStep()
   at TechTalk.SpecFlow.TestRunner.CollectScenarioErrors()
   at IFlow.Testing.Feature.LoginTestsFeature.ScenarioCleanup()
   at IFlow.Testing.Feature.LoginTestsFeature.UserWantsToLogInWitchActiveAccount() in C:\Users\lezi\source\repos\IFLOW.testing\Iflow.Testing\Feature\LoginTests.feature:line 12
2021-05-13 12:47:24.9710 ERROR OpenQA.Selenium.NoSuchElementException : Unable to locate visible element:
- By: XPath "(//span[text()='Login * *']/..//../..//input[@type='text'])/descendant-or-self::input[@type='text' or not(@type)]"
- Search time: 5.007s
- Search options: {Visibility=Visible, Timeout=5s, RetryInterval=0.5s, IsSafely=False}
   at Atata.ExtendedSearchContext`1.Find(By by)
   at Atata.ExtendedSearchContext`1.FindElement(By by)
   at Atata.ISearchContextExtensions.Get[T](T searchContext, By by)
   at Atata.ISearchContextLoggingExtensions.<>c__DisplayClass0_0.<GetWithLogging>b__0()
   at Atata.LogManager.ExecuteSection[TResult](LogSection section, Func`1 function)
   at Atata.ISearchContextLoggingExtensions.GetWithLogging(ISearchContext searchContext, By by)
   at Atata.XPathComponentScopeFindResult.Get(String xPathCondition)
   at Atata.StrategyScopeLocator.<>c__DisplayClass3_0.<GetElement>b__0(XPathComponentScopeFindResult x)
   at System.Linq.Enumerable.SelectArrayIterator`2.MoveNext()
   at System.Linq.Enumerable.TryGetFirst[TSource](IEnumerable`1 source, Func`2 predicate, Boolean& found)
   at System.Linq.Enumerable.FirstOrDefault[TSource](IEnumerable`1 source, Func`2 predicate)
   at Atata.StrategyScopeLocator.GetElement(SearchOptions searchOptions, String xPathCondition)
   at Atata.UIComponent`1.OnGetScopeElement(SearchOptions searchOptions)
   at Atata.UIComponent.GetScopeElement(SearchOptions searchOptions)
   at Atata.UIComponent.get_Scope()
   at Atata.ValueSetUsingClearAndSendKeysAttribute.Execute[TOwner](IUIComponent`1 component, String value)
   at Atata.EditableTextField`2.<>c__DisplayClass1_0.<SetValue>b__0()
   at Atata.LogManager.ExecuteSection(LogSection section, Action action)
   at Atata.EditableTextField`2.SetValue(T value)
   at Atata.EditableField`2.<>c__DisplayClass12_0.<Set>b__0()
   at Atata.LogManager.ExecuteSection(LogSection section, Action action)
   at Atata.EditableField`2.Set(T value)
   at IFlow.Testing.StepDefinitions.RegistrationAndLoginSteps.WhenUserInputCredentialsOnLoginPage() in C:\Users\lezi\source\repos\IFLOW.testing\Iflow.Testing\StepDefinitions\RegistrationAndLoginSteps.cs:line 59
   at TechTalk.SpecFlow.Bindings.BindingInvoker.InvokeBinding(IBinding binding, IContextManager contextManager, Object[] arguments, ITestTracer testTracer, TimeSpan& duration)
   at TechTalk.SpecFlow.Infrastructure.TestExecutionEngine.ExecuteStepMatch(BindingMatch match, Object[] arguments, TimeSpan& duration)
   at TechTalk.SpecFlow.Infrastructure.TestExecutionEngine.ExecuteStep(IContextManager contextManager, StepInstance stepInstance)
   at TechTalk.SpecFlow.Infrastructure.TestExecutionEngine.OnAfterLastStep()
   at TechTalk.SpecFlow.TestRunner.CollectScenarioErrors()
   at IFlow.Testing.Feature.LoginTestsFeature.ScenarioCleanup()
   at IFlow.Testing.Feature.LoginTestsFeature.UserWantsToLogInWitchActiveAccount() in C:\Users\lezi\source\repos\IFLOW.testing\Iflow.Testing\Feature\LoginTests.feature:line 12
2021-05-13 12:47:24.9710 ERROR OpenQA.Selenium.NoSuchElementException : Unable to locate visible element:
- By: XPath "(//span[text()='Login * *']/..//../..//input[@type='text'])/descendant-or-self::input[@type='text' or not(@type)]"
- Search time: 5.007s
- Search options: {Visibility=Visible, Timeout=5s, RetryInterval=0.5s, IsSafely=False}
   at Atata.ExtendedSearchContext`1.Find(By by)
   at Atata.ExtendedSearchContext`1.FindElement(By by)
   at Atata.ISearchContextExtensions.Get[T](T searchContext, By by)
   at Atata.ISearchContextLoggingExtensions.<>c__DisplayClass0_0.<GetWithLogging>b__0()
   at Atata.LogManager.ExecuteSection[TResult](LogSection section, Func`1 function)
   at Atata.ISearchContextLoggingExtensions.GetWithLogging(ISearchContext searchContext, By by)
   at Atata.XPathComponentScopeFindResult.Get(String xPathCondition)
   at Atata.StrategyScopeLocator.<>c__DisplayClass3_0.<GetElement>b__0(XPathComponentScopeFindResult x)
   at System.Linq.Enumerable.SelectArrayIterator`2.MoveNext()
   at System.Linq.Enumerable.TryGetFirst[TSource](IEnumerable`1 source, Func`2 predicate, Boolean& found)
   at System.Linq.Enumerable.FirstOrDefault[TSource](IEnumerable`1 source, Func`2 predicate)
   at Atata.StrategyScopeLocator.GetElement(SearchOptions searchOptions, String xPathCondition)
   at Atata.UIComponent`1.OnGetScopeElement(SearchOptions searchOptions)
   at Atata.UIComponent.GetScopeElement(SearchOptions searchOptions)
   at Atata.UIComponent.get_Scope()
   at Atata.ValueSetUsingClearAndSendKeysAttribute.Execute[TOwner](IUIComponent`1 component, String value)
   at Atata.EditableTextField`2.<>c__DisplayClass1_0.<SetValue>b__0()
   at Atata.LogManager.ExecuteSection(LogSection section, Action action)
   at Atata.EditableTextField`2.SetValue(T value)
   at Atata.EditableField`2.<>c__DisplayClass12_0.<Set>b__0()
   at Atata.LogManager.ExecuteSection(LogSection section, Action action)
   at Atata.EditableField`2.Set(T value)
   at IFlow.Testing.StepDefinitions.RegistrationAndLoginSteps.WhenUserInputCredentialsOnLoginPage() in C:\Users\lezi\source\repos\IFLOW.testing\Iflow.Testing\StepDefinitions\RegistrationAndLoginSteps.cs:line 59
   at TechTalk.SpecFlow.Bindings.BindingInvoker.InvokeBinding(IBinding binding, IContextManager contextManager, Object[] arguments, ITestTracer testTracer, TimeSpan& duration)
   at TechTalk.SpecFlow.Infrastructure.TestExecutionEngine.ExecuteStepMatch(BindingMatch match, Object[] arguments, TimeSpan& duration)
   at TechTalk.SpecFlow.Infrastructure.TestExecutionEngine.ExecuteStep(IContextManager contextManager, StepInstance stepInstance)
   at TechTalk.SpecFlow.Infrastructure.TestExecutionEngine.OnAfterLastStep()
   at TechTalk.SpecFlow.TestRunner.CollectScenarioErrors()
   at IFlow.Testing.Feature.LoginTestsFeature.ScenarioCleanup()
   at IFlow.Testing.Feature.LoginTestsFeature.UserWantsToLogInWitchActiveAccount() in C:\Users\lezi\source\repos\IFLOW.testing\Iflow.Testing\Feature\LoginTests.feature:line 12
2021-05-13 12:47:24.9718  INFO > Clean up AtataContext
2021-05-13 12:47:24.9718  INFO > Clean up AtataContext
2021-05-13 12:47:25.0500  INFO < Clean up AtataContext (0.078s)
2021-05-13 12:47:25.0500  INFO < Clean up AtataContext (0.078s)
2021-05-13 12:47:25.0508  INFO Finished test (8.673s)
2021-05-13 12:47:25.0508  INFO Finished test (8.673s)
2021-05-13 12:47:25.0511  INFO Pure test execution time: 7.289s
2021-05-13 12:47:25.0511  INFO Pure test execution time: 7.289s

]]></output>
              <failure>
                <message>OpenQA.Selenium.NoSuchElementException : Unable to locate visible element:
- By: XPath "(//span[text()='Login * *']/..//../..//input[@type='text'])/descendant-or-self::input[@type='text' or not(@type)]"
- Search time: 5.007s
- Search options: {Visibility=Visible, Timeout=5s, RetryInterval=0.5s, IsSafely=False}</message>
                <stack-trace>   at Atata.ExtendedSearchContext`1.Find(By by)
   at Atata.ExtendedSearchContext`1.FindElement(By by)
   at Atata.ISearchContextExtensions.Get[T](T searchContext, By by)
   at Atata.ISearchContextLoggingExtensions.&lt;&gt;c__DisplayClass0_0.&lt;GetWithLogging&gt;b__0()
   at Atata.LogManager.ExecuteSection[TResult](LogSection section, Func`1 function)
   at Atata.ISearchContextLoggingExtensions.GetWithLogging(ISearchContext searchContext, By by)
   at Atata.XPathComponentScopeFindResult.Get(String xPathCondition)
   at Atata.StrategyScopeLocator.&lt;&gt;c__DisplayClass3_0.&lt;GetElement&gt;b__0(XPathComponentScopeFindResult x)
   at System.Linq.Enumerable.SelectArrayIterator`2.MoveNext()
   at System.Linq.Enumerable.TryGetFirst[TSource](IEnumerable`1 source, Func`2 predicate, Boolean&amp; found)
   at System.Linq.Enumerable.FirstOrDefault[TSource](IEnumerable`1 source, Func`2 predicate)
   at Atata.StrategyScopeLocator.GetElement(SearchOptions searchOptions, String xPathCondition)
   at Atata.UIComponent`1.OnGetScopeElement(SearchOptions searchOptions)
   at Atata.UIComponent.GetScopeElement(SearchOptions searchOptions)
   at Atata.UIComponent.get_Scope()
   at Atata.ValueSetUsingClearAndSendKeysAttribute.Execute[TOwner](IUIComponent`1 component, String value)
   at Atata.EditableTextField`2.&lt;&gt;c__DisplayClass1_0.&lt;SetValue&gt;b__0()
   at Atata.LogManager.ExecuteSection(LogSection section, Action action)
   at Atata.EditableTextField`2.SetValue(T value)
   at Atata.EditableField`2.&lt;&gt;c__DisplayClass12_0.&lt;Set&gt;b__0()
   at Atata.LogManager.ExecuteSection(LogSection section, Action action)
   at Atata.EditableField`2.Set(T value)
   at IFlow.Testing.StepDefinitions.RegistrationAndLoginSteps.WhenUserInputCredentialsOnLoginPage() in C:\Users\lezi\source\repos\IFLOW.testing\Iflow.Testing\StepDefinitions\RegistrationAndLoginSteps.cs:line 59
   at TechTalk.SpecFlow.Bindings.BindingInvoker.InvokeBinding(IBinding binding, IContextManager contextManager, Object[] arguments, ITestTracer testTracer, TimeSpan&amp; duration)
   at TechTalk.SpecFlow.Infrastructure.TestExecutionEngine.ExecuteStepMatch(BindingMatch match, Object[] arguments, TimeSpan&amp; duration)
   at TechTalk.SpecFlow.Infrastructure.TestExecutionEngine.ExecuteStep(IContextManager contextManager, StepInstance stepInstance)
   at TechTalk.SpecFlow.Infrastructure.TestExecutionEngine.OnAfterLastStep()
   at TechTalk.SpecFlow.TestRunner.CollectScenarioErrors()
   at IFlow.Testing.Feature.LoginTestsFeature.ScenarioCleanup()
   at IFlow.Testing.Feature.LoginTestsFeature.UserWantsToLogInWitchActiveAccount() in C:\Users\lezi\source\repos\IFLOW.testing\Iflow.Testing\Feature\LoginTests.feature:line 12</stack-trace>
              </failure>
            </test-case>
          </test-suite>
          <test-suite type="TestFixture" name="MailhogFeature" fullname="IFlow.Testing.Feature.MailhogFeature" total="1" passed="1" failed="0" inconclusive="0" skipped="0" result="Passed" start-time="2021-05-13T 10:47:29Z" end-time="2021-05-13T 10:47:32Z" duration="2.767793">
            <test-case name="MailhogTest" fullname="IFlow.Testing.Feature.MailhogFeature.MailhogTest" methodname="MailhogTest" classname="MailhogFeature" result="Passed" start-time="2021-05-13T 10:47:29Z" end-time="2021-05-13T 10:47:32Z" duration="2.767793" asserts="0">
              <output><![CDATA[2021-05-13 12:47:29.7379  INFO Starting test: MailhogTest
2021-05-13 12:47:29.7379  INFO Starting test: MailhogTest
2021-05-13 12:47:29.7386 TRACE > Set up AtataContext
2021-05-13 12:47:29.7386 TRACE > Set up AtataContext
2021-05-13 12:47:29.7394 TRACE - Use: "Atata.json" config
2021-05-13 12:47:29.7394 TRACE - Use: "Atata.json" config
2021-05-13 12:47:29.7400 TRACE - Set: ElementFindTimeout=5s; ElementFindRetryInterval=0.5s
2021-05-13 12:47:29.7400 TRACE - Set: ElementFindTimeout=5s; ElementFindRetryInterval=0.5s
2021-05-13 12:47:29.7403 TRACE - Set: WaitingTimeout=5s; WaitingRetryInterval=0.5s
2021-05-13 12:47:29.7403 TRACE - Set: WaitingTimeout=5s; WaitingRetryInterval=0.5s
2021-05-13 12:47:29.7406 TRACE - Set: VerificationTimeout=5s; VerificationRetryInterval=0.5s
2021-05-13 12:47:29.7406 TRACE - Set: VerificationTimeout=5s; VerificationRetryInterval=0.5s
2021-05-13 12:47:29.7409 TRACE - Set: Culture=en-US
2021-05-13 12:47:29.7409 TRACE - Set: Culture=en-US
2021-05-13 12:47:29.7418 TRACE - Set: DriverService=ChromeDriverService on port 55771
2021-05-13 12:47:29.7418 TRACE - Set: DriverService=ChromeDriverService on port 55771
2021-05-13 12:47:30.9327 TRACE - Set: Driver=ChromeDriver (alias=chrome-headless)
2021-05-13 12:47:30.9327 TRACE - Set: Driver=ChromeDriver (alias=chrome-headless)
2021-05-13 12:47:30.9786 TRACE < Set up AtataContext (1.239s)
2021-05-13 12:47:30.9786 TRACE < Set up AtataContext (1.239s)
When Registration by api
-> done: ApiSteps.WhenRegistrationByApi() (0,2s)
When Get email
-> done: ApiSteps.WhenGetEmail() (0,9s)
2021-05-13 12:47:32.4506  INFO > Clean up AtataContext
2021-05-13 12:47:32.4506  INFO > Clean up AtataContext
2021-05-13 12:47:32.5021  INFO < Clean up AtataContext (0.051s)
2021-05-13 12:47:32.5021  INFO < Clean up AtataContext (0.051s)
2021-05-13 12:47:32.5025  INFO Finished test (2.764s)
2021-05-13 12:47:32.5025  INFO Finished test (2.764s)
2021-05-13 12:47:32.5027  INFO Pure test execution time: 1.471s
2021-05-13 12:47:32.5027  INFO Pure test execution time: 1.471s

]]></output>
            </test-case>
          </test-suite>
          <test-suite type="TestFixture" name="OrganizationFeature" fullname="IFlow.Testing.Feature.OrganizationFeature" total="1" passed="1" failed="0" inconclusive="0" skipped="0" result="Passed" start-time="2021-05-13T 10:47:32Z" end-time="2021-05-13T 10:47:34Z" duration="2.259753">
            <test-case name="UserWantsToCreateANewOrganization" fullname="IFlow.Testing.Feature.OrganizationFeature.UserWantsToCreateANewOrganization" methodname="UserWantsToCreateANewOrganization" classname="OrganizationFeature" result="Passed" start-time="2021-05-13T 10:47:32Z" end-time="2021-05-13T 10:47:34Z" duration="2.259753" asserts="0">
              <properties>
                <property name="Category" value="TEST_IB-208" />
              </properties>
              <output><![CDATA[2021-05-13 12:47:32.5133  INFO Starting test: UserWantsToCreateANewOrganization
2021-05-13 12:47:32.5133  INFO Starting test: UserWantsToCreateANewOrganization
2021-05-13 12:47:32.5151 TRACE > Set up AtataContext
2021-05-13 12:47:32.5151 TRACE > Set up AtataContext
2021-05-13 12:47:32.5161 TRACE - Use: "Atata.json" config
2021-05-13 12:47:32.5161 TRACE - Use: "Atata.json" config
2021-05-13 12:47:32.5165 TRACE - Set: ElementFindTimeout=5s; ElementFindRetryInterval=0.5s
2021-05-13 12:47:32.5165 TRACE - Set: ElementFindTimeout=5s; ElementFindRetryInterval=0.5s
2021-05-13 12:47:32.5168 TRACE - Set: WaitingTimeout=5s; WaitingRetryInterval=0.5s
2021-05-13 12:47:32.5168 TRACE - Set: WaitingTimeout=5s; WaitingRetryInterval=0.5s
2021-05-13 12:47:32.5170 TRACE - Set: VerificationTimeout=5s; VerificationRetryInterval=0.5s
2021-05-13 12:47:32.5170 TRACE - Set: VerificationTimeout=5s; VerificationRetryInterval=0.5s
2021-05-13 12:47:32.5172 TRACE - Set: Culture=en-US
2021-05-13 12:47:32.5172 TRACE - Set: Culture=en-US
2021-05-13 12:47:32.5178 TRACE - Set: DriverService=ChromeDriverService on port 55785
2021-05-13 12:47:32.5178 TRACE - Set: DriverService=ChromeDriverService on port 55785
2021-05-13 12:47:33.5888 TRACE - Set: Driver=ChromeDriver (alias=chrome-headless)
2021-05-13 12:47:33.5888 TRACE - Set: Driver=ChromeDriver (alias=chrome-headless)
2021-05-13 12:47:33.5892 TRACE < Set up AtataContext (1.073s)
2021-05-13 12:47:33.5892 TRACE < Set up AtataContext (1.073s)
Given Create and login user by Api
-> done: ApiSteps.GivenCreateAndLoginUserByApi() (0,5s)
When User creates a new organization
-> done: ApiSteps.WhenUserCreatesANewOrganization() (0,1s)
Then new organization is created in database
-> done: ApiSteps.ThenNewOrganizationIsCreatedInDatabase() (0,1s)
2021-05-13 12:47:34.7057  INFO > Clean up AtataContext
2021-05-13 12:47:34.7057  INFO > Clean up AtataContext
2021-05-13 12:47:34.7691  INFO < Clean up AtataContext (0.063s)
2021-05-13 12:47:34.7691  INFO < Clean up AtataContext (0.063s)
2021-05-13 12:47:34.7695  INFO Finished test (2.256s)
2021-05-13 12:47:34.7695  INFO Finished test (2.256s)
2021-05-13 12:47:34.7697  INFO Pure test execution time: 1.116s
2021-05-13 12:47:34.7697  INFO Pure test execution time: 1.116s

]]></output>
            </test-case>
          </test-suite>
          <test-suite type="TestFixture" name="ProjectsFeature" fullname="IFlow.Testing.Feature.ProjectsFeature" total="1" passed="1" failed="0" inconclusive="0" skipped="0" result="Passed" start-time="2021-05-13T 10:47:34Z" end-time="2021-05-13T 10:47:37Z" duration="3.05924">
            <test-case name="UserWantsToCreateANewProject" fullname="IFlow.Testing.Feature.ProjectsFeature.UserWantsToCreateANewProject" methodname="UserWantsToCreateANewProject" classname="ProjectsFeature" result="Passed" start-time="2021-05-13T 10:47:34Z" end-time="2021-05-13T 10:47:37Z" duration="3.05924" asserts="0">
              <properties>
                <property name="Category" value="TEST_IB-202" />
              </properties>
              <output><![CDATA[2021-05-13 12:47:34.7854  INFO Starting test: UserWantsToCreateANewProject
2021-05-13 12:47:34.7854  INFO Starting test: UserWantsToCreateANewProject
2021-05-13 12:47:34.7860 TRACE > Set up AtataContext
2021-05-13 12:47:34.7860 TRACE > Set up AtataContext
2021-05-13 12:47:34.7867 TRACE - Use: "Atata.json" config
2021-05-13 12:47:34.7867 TRACE - Use: "Atata.json" config
2021-05-13 12:47:34.7872 TRACE - Set: ElementFindTimeout=5s; ElementFindRetryInterval=0.5s
2021-05-13 12:47:34.7872 TRACE - Set: ElementFindTimeout=5s; ElementFindRetryInterval=0.5s
2021-05-13 12:47:34.7875 TRACE - Set: WaitingTimeout=5s; WaitingRetryInterval=0.5s
2021-05-13 12:47:34.7875 TRACE - Set: WaitingTimeout=5s; WaitingRetryInterval=0.5s
2021-05-13 12:47:34.7877 TRACE - Set: VerificationTimeout=5s; VerificationRetryInterval=0.5s
2021-05-13 12:47:34.7877 TRACE - Set: VerificationTimeout=5s; VerificationRetryInterval=0.5s
2021-05-13 12:47:34.7880 TRACE - Set: Culture=en-US
2021-05-13 12:47:34.7880 TRACE - Set: Culture=en-US
2021-05-13 12:47:34.7888 TRACE - Set: DriverService=ChromeDriverService on port 55799
2021-05-13 12:47:34.7888 TRACE - Set: DriverService=ChromeDriverService on port 55799
2021-05-13 12:47:35.8651 TRACE - Set: Driver=ChromeDriver (alias=chrome-headless)
2021-05-13 12:47:35.8651 TRACE - Set: Driver=ChromeDriver (alias=chrome-headless)
2021-05-13 12:47:35.8656 TRACE < Set up AtataContext (1.079s)
2021-05-13 12:47:35.8656 TRACE < Set up AtataContext (1.079s)
Given Create and login user by Api
-> done: ApiSteps.GivenCreateAndLoginUserByApi() (0,4s)
And user have contract type, project stage, organization, investment and business unit created
-> done: ApiSteps.GivenUserHaveContractTypeProjectStageOrganizationInvestmentAndBusinessUnitCreated() (0,5s)
When User creates a new project
-> done: ApiSteps.WhenUserCreatesANewProject() (0,2s)
Then new project is created in database
-> done: ApiSteps.ThenNewProjectIsCreatedInDatabase() (0,0s)
2021-05-13 12:47:37.7670  INFO > Clean up AtataContext
2021-05-13 12:47:37.7670  INFO > Clean up AtataContext
2021-05-13 12:47:37.8400  INFO < Clean up AtataContext (0.072s)
2021-05-13 12:47:37.8400  INFO < Clean up AtataContext (0.072s)
2021-05-13 12:47:37.8407  INFO Finished test (3.055s)
2021-05-13 12:47:37.8407  INFO Finished test (3.055s)
2021-05-13 12:47:37.8409  INFO Pure test execution time: 1.900s
2021-05-13 12:47:37.8409  INFO Pure test execution time: 1.900s

]]></output>
            </test-case>
          </test-suite>
          <test-suite type="TestFixture" name="RegistrationFeature" fullname="IFlow.Testing.Feature.RegistrationFeature" total="2" passed="0" failed="2" inconclusive="0" skipped="0" result="Failed" start-time="2021-05-13T 10:47:37Z" end-time="2021-05-13T 10:47:56Z" duration="18.599756">
            <test-case name="CorrectRegistrationProcess" fullname="IFlow.Testing.Feature.RegistrationFeature.CorrectRegistrationProcess" methodname="CorrectRegistrationProcess" classname="RegistrationFeature" result="Failed" start-time="2021-05-13T 10:47:37Z" end-time="2021-05-13T 10:47:46Z" duration="9.015531" asserts="0">
              <properties>
                <property name="Category" value="TEST_IB-142" />
                <property name="Category" value="backEnd" />
                <property name="Category" value="frontEnd" />
              </properties>
              <output><![CDATA[2021-05-13 12:47:37.8585  INFO Starting test: CorrectRegistrationProcess
2021-05-13 12:47:37.8585  INFO Starting test: CorrectRegistrationProcess
2021-05-13 12:47:37.8590 TRACE > Set up AtataContext
2021-05-13 12:47:37.8590 TRACE > Set up AtataContext
2021-05-13 12:47:37.8602 TRACE - Use: "Atata.json" config
2021-05-13 12:47:37.8602 TRACE - Use: "Atata.json" config
2021-05-13 12:47:37.8611 TRACE - Set: ElementFindTimeout=5s; ElementFindRetryInterval=0.5s
2021-05-13 12:47:37.8611 TRACE - Set: ElementFindTimeout=5s; ElementFindRetryInterval=0.5s
2021-05-13 12:47:37.8615 TRACE - Set: WaitingTimeout=5s; WaitingRetryInterval=0.5s
2021-05-13 12:47:37.8615 TRACE - Set: WaitingTimeout=5s; WaitingRetryInterval=0.5s
2021-05-13 12:47:37.8618 TRACE - Set: VerificationTimeout=5s; VerificationRetryInterval=0.5s
2021-05-13 12:47:37.8618 TRACE - Set: VerificationTimeout=5s; VerificationRetryInterval=0.5s
2021-05-13 12:47:37.8621 TRACE - Set: Culture=en-US
2021-05-13 12:47:37.8621 TRACE - Set: Culture=en-US
2021-05-13 12:47:37.8635 TRACE - Set: DriverService=ChromeDriverService on port 55814
2021-05-13 12:47:37.8635 TRACE - Set: DriverService=ChromeDriverService on port 55814
2021-05-13 12:47:39.0743 TRACE - Set: Driver=ChromeDriver (alias=chrome-headless)
2021-05-13 12:47:39.0743 TRACE - Set: Driver=ChromeDriver (alias=chrome-headless)
2021-05-13 12:47:39.0748 TRACE < Set up AtataContext (1.215s)
2021-05-13 12:47:39.0748 TRACE < Set up AtataContext (1.215s)
When User input all data on registration page
2021-05-13 12:47:39.0827  INFO Go to "Main" page
2021-05-13 12:47:39.0827  INFO Go to "Main" page
2021-05-13 12:47:39.0864  INFO Go to URL "http://app-iflow-dev-001.azurewebsites.net/"
2021-05-13 12:47:39.0864  INFO Go to URL "http://app-iflow-dev-001.azurewebsites.net/"
2021-05-13 12:47:39.9314 TRACE > Execute trigger VerifyTitleAttribute { Values="React app", Case=Title, Match=Equals } on Init against "Main" page
2021-05-13 12:47:39.9314 TRACE > Execute trigger VerifyTitleAttribute { Values="React app", Case=Title, Match=Equals } on Init against "Main" page
2021-05-13 12:47:39.9320  INFO - > Assert: title should equal "React app"
2021-05-13 12:47:39.9320  INFO - > Assert: title should equal "React app"
2021-05-13 12:47:39.9374  INFO - < Assert: title should equal "React app" (0.005s)
2021-05-13 12:47:39.9374  INFO - < Assert: title should equal "React app" (0.005s)
2021-05-13 12:47:39.9378 TRACE < Execute trigger VerifyTitleAttribute { Values="React app", Case=Title, Match=Equals } on Init against "Main" page (0.006s)
2021-05-13 12:47:39.9378 TRACE < Execute trigger VerifyTitleAttribute { Values="React app", Case=Title, Match=Equals } on Init against "Main" page (0.006s)
2021-05-13 12:47:39.9387  INFO > Click "Login to System Clickable" control
2021-05-13 12:47:39.9387  INFO > Click "Login to System Clickable" control
2021-05-13 12:47:39.9409 TRACE - > Execute behavior ClickUsingClickMethodAttribute against "Login to System Clickable" control
2021-05-13 12:47:39.9409 TRACE - > Execute behavior ClickUsingClickMethodAttribute against "Login to System Clickable" control
2021-05-13 12:47:39.9422 TRACE - - > Find visible element by XPath "(//span[contains(text(),'Login to system')])/descendant-or-self::*" in ChromeDriver
2021-05-13 12:47:39.9422 TRACE - - > Find visible element by XPath "(//span[contains(text(),'Login to system')])/descendant-or-self::*" in ChromeDriver
2021-05-13 12:47:39.9739 TRACE - - < Find visible element by XPath "(//span[contains(text(),'Login to system')])/descendant-or-self::*" in ChromeDriver (0.031s) >> Element { Id=97f5465f-30ea-4aeb-a8e9-9dc31b4ae546 }
2021-05-13 12:47:39.9739 TRACE - - < Find visible element by XPath "(//span[contains(text(),'Login to system')])/descendant-or-self::*" in ChromeDriver (0.031s) >> Element { Id=97f5465f-30ea-4aeb-a8e9-9dc31b4ae546 }
2021-05-13 12:47:39.9745 TRACE - - > Click element { Id=97f5465f-30ea-4aeb-a8e9-9dc31b4ae546 }
2021-05-13 12:47:39.9745 TRACE - - > Click element { Id=97f5465f-30ea-4aeb-a8e9-9dc31b4ae546 }
2021-05-13 12:47:40.0548 TRACE - - < Click element { Id=97f5465f-30ea-4aeb-a8e9-9dc31b4ae546 } (0.080s)
2021-05-13 12:47:40.0548 TRACE - - < Click element { Id=97f5465f-30ea-4aeb-a8e9-9dc31b4ae546 } (0.080s)
2021-05-13 12:47:40.0554 TRACE - < Execute behavior ClickUsingClickMethodAttribute against "Login to System Clickable" control (0.114s)
2021-05-13 12:47:40.0554 TRACE - < Execute behavior ClickUsingClickMethodAttribute against "Login to System Clickable" control (0.114s)
2021-05-13 12:47:40.0556  INFO < Click "Login to System Clickable" control (0.116s)
2021-05-13 12:47:40.0556  INFO < Click "Login to System Clickable" control (0.116s)
2021-05-13 12:47:40.0626  INFO Go to "Login" page
2021-05-13 12:47:40.0626  INFO Go to "Login" page
2021-05-13 12:47:40.0661 TRACE > Execute trigger VerifyTitleAttribute { Values="React app", Case=Title, Match=Equals } on Init against "Login" page
2021-05-13 12:47:40.0661 TRACE > Execute trigger VerifyTitleAttribute { Values="React app", Case=Title, Match=Equals } on Init against "Login" page
2021-05-13 12:47:40.0665  INFO - > Assert: title should equal "React app"
2021-05-13 12:47:40.0665  INFO - > Assert: title should equal "React app"
2021-05-13 12:47:40.0716  INFO - < Assert: title should equal "React app" (0.005s)
2021-05-13 12:47:40.0716  INFO - < Assert: title should equal "React app" (0.005s)
2021-05-13 12:47:40.0722 TRACE < Execute trigger VerifyTitleAttribute { Values="React app", Case=Title, Match=Equals } on Init against "Login" page (0.006s)
2021-05-13 12:47:40.0722 TRACE < Execute trigger VerifyTitleAttribute { Values="React app", Case=Title, Match=Equals } on Init against "Login" page (0.006s)
2021-05-13 12:47:40.0726  INFO > Click "Create Account" button
2021-05-13 12:47:40.0726  INFO > Click "Create Account" button
2021-05-13 12:47:40.0729 TRACE - > Execute behavior ClickUsingClickMethodAttribute against "Create Account" button
2021-05-13 12:47:40.0729 TRACE - > Execute behavior ClickUsingClickMethodAttribute against "Create Account" button
2021-05-13 12:47:40.0739 TRACE - - > Find visible element by XPath "(//a[@href='/register']/button[@type='submit'])/descendant-or-self::*[self::input[@type='button' or @type='submit' or @type='reset'] or self::button]" in ChromeDriver
2021-05-13 12:47:40.0739 TRACE - - > Find visible element by XPath "(//a[@href='/register']/button[@type='submit'])/descendant-or-self::*[self::input[@type='button' or @type='submit' or @type='reset'] or self::button]" in ChromeDriver
2021-05-13 12:47:40.1040 TRACE - - < Find visible element by XPath "(//a[@href='/register']/button[@type='submit'])/descendant-or-self::*[self::input[@type='button' or @type='submit' or @type='reset'] or self::button]" in ChromeDriver (0.030s) >> Element { Id=c6233e77-67a3-477b-9b0b-7a13e826567b }
2021-05-13 12:47:40.1040 TRACE - - < Find visible element by XPath "(//a[@href='/register']/button[@type='submit'])/descendant-or-self::*[self::input[@type='button' or @type='submit' or @type='reset'] or self::button]" in ChromeDriver (0.030s) >> Element { Id=c6233e77-67a3-477b-9b0b-7a13e826567b }
2021-05-13 12:47:40.1045 TRACE - - > Click element { Id=c6233e77-67a3-477b-9b0b-7a13e826567b }
2021-05-13 12:47:40.1045 TRACE - - > Click element { Id=c6233e77-67a3-477b-9b0b-7a13e826567b }
2021-05-13 12:47:40.2032 TRACE - - < Click element { Id=c6233e77-67a3-477b-9b0b-7a13e826567b } (0.098s)
2021-05-13 12:47:40.2032 TRACE - - < Click element { Id=c6233e77-67a3-477b-9b0b-7a13e826567b } (0.098s)
2021-05-13 12:47:40.2037 TRACE - < Execute behavior ClickUsingClickMethodAttribute against "Create Account" button (0.130s)
2021-05-13 12:47:40.2037 TRACE - < Execute behavior ClickUsingClickMethodAttribute against "Create Account" button (0.130s)
2021-05-13 12:47:40.2039  INFO < Click "Create Account" button (0.131s)
2021-05-13 12:47:40.2039  INFO < Click "Create Account" button (0.131s)
2021-05-13 12:47:40.2090  INFO Go to "Register" page
2021-05-13 12:47:40.2090  INFO Go to "Register" page
2021-05-13 12:47:40.2242 TRACE > Execute trigger VerifyTitleAttribute { Values="React app", Case=Title, Match=Equals } on Init against "Register" page
2021-05-13 12:47:40.2242 TRACE > Execute trigger VerifyTitleAttribute { Values="React app", Case=Title, Match=Equals } on Init against "Register" page
2021-05-13 12:47:40.2250  INFO - > Assert: title should equal "React app"
2021-05-13 12:47:40.2250  INFO - > Assert: title should equal "React app"
2021-05-13 12:47:40.2337  INFO - < Assert: title should equal "React app" (0.008s)
2021-05-13 12:47:40.2337  INFO - < Assert: title should equal "React app" (0.008s)
2021-05-13 12:47:40.2341 TRACE < Execute trigger VerifyTitleAttribute { Values="React app", Case=Title, Match=Equals } on Init against "Register" page (0.009s)
2021-05-13 12:47:40.2341 TRACE < Execute trigger VerifyTitleAttribute { Values="React app", Case=Title, Match=Equals } on Init against "Register" page (0.009s)
2021-05-13 12:47:40.2348  INFO > Set "Micheal84" to "Login Text Input" text input
2021-05-13 12:47:40.2348  INFO > Set "Micheal84" to "Login Text Input" text input
2021-05-13 12:47:40.2351 TRACE - > Execute behavior ValueSetUsingClearAndSendKeysAttribute against "Login Text Input" text input
2021-05-13 12:47:40.2351 TRACE - > Execute behavior ValueSetUsingClearAndSendKeysAttribute against "Login Text Input" text input
2021-05-13 12:47:40.2357 TRACE - - > Find visible element by XPath "(//label/span[text()='Login *']//..//..//../input [@type='text'])/descendant-or-self::input[@type='text' or not(@type)]" in ChromeDriver
2021-05-13 12:47:40.2357 TRACE - - > Find visible element by XPath "(//label/span[text()='Login *']//..//..//../input [@type='text'])/descendant-or-self::input[@type='text' or not(@type)]" in ChromeDriver
2021-05-13 12:47:40.2616 TRACE - - < Find visible element by XPath "(//label/span[text()='Login *']//..//..//../input [@type='text'])/descendant-or-self::input[@type='text' or not(@type)]" in ChromeDriver (0.025s) >> Element { Id=4bbff2e3-ec46-43c9-ba9f-9af16e792a88 }
2021-05-13 12:47:40.2616 TRACE - - < Find visible element by XPath "(//label/span[text()='Login *']//..//..//../input [@type='text'])/descendant-or-self::input[@type='text' or not(@type)]" in ChromeDriver (0.025s) >> Element { Id=4bbff2e3-ec46-43c9-ba9f-9af16e792a88 }
2021-05-13 12:47:40.2625 TRACE - - > Clear element { Id=4bbff2e3-ec46-43c9-ba9f-9af16e792a88 }
2021-05-13 12:47:40.2625 TRACE - - > Clear element { Id=4bbff2e3-ec46-43c9-ba9f-9af16e792a88 }
2021-05-13 12:47:40.2935 TRACE - - < Clear element { Id=4bbff2e3-ec46-43c9-ba9f-9af16e792a88 } (0.031s)
2021-05-13 12:47:40.2935 TRACE - - < Clear element { Id=4bbff2e3-ec46-43c9-ba9f-9af16e792a88 } (0.031s)
2021-05-13 12:47:40.2944 TRACE - - > Send keys "Micheal84" to element { Id=4bbff2e3-ec46-43c9-ba9f-9af16e792a88 }
2021-05-13 12:47:40.2944 TRACE - - > Send keys "Micheal84" to element { Id=4bbff2e3-ec46-43c9-ba9f-9af16e792a88 }
2021-05-13 12:47:40.4312 TRACE - - < Send keys "Micheal84" to element { Id=4bbff2e3-ec46-43c9-ba9f-9af16e792a88 } (0.136s)
2021-05-13 12:47:40.4312 TRACE - - < Send keys "Micheal84" to element { Id=4bbff2e3-ec46-43c9-ba9f-9af16e792a88 } (0.136s)
2021-05-13 12:47:40.4316 TRACE - < Execute behavior ValueSetUsingClearAndSendKeysAttribute against "Login Text Input" text input (0.196s)
2021-05-13 12:47:40.4316 TRACE - < Execute behavior ValueSetUsingClearAndSendKeysAttribute against "Login Text Input" text input (0.196s)
2021-05-13 12:47:40.4318  INFO < Set "Micheal84" to "Login Text Input" text input (0.197s)
2021-05-13 12:47:40.4318  INFO < Set "Micheal84" to "Login Text Input" text input (0.197s)
2021-05-13 12:47:40.4323  INFO > Set "Alejandro" to "Name Text Input" text input
2021-05-13 12:47:40.4323  INFO > Set "Alejandro" to "Name Text Input" text input
2021-05-13 12:47:40.4325 TRACE - > Execute behavior ValueSetUsingClearAndSendKeysAttribute against "Name Text Input" text input
2021-05-13 12:47:40.4325 TRACE - > Execute behavior ValueSetUsingClearAndSendKeysAttribute against "Name Text Input" text input
2021-05-13 12:47:40.4329 TRACE - - > Find visible element by XPath "(//label/span[text()='Name *']//..//..//../input [@type='text'])/descendant-or-self::input[@type='text' or not(@type)]" in ChromeDriver
2021-05-13 12:47:40.4329 TRACE - - > Find visible element by XPath "(//label/span[text()='Name *']//..//..//../input [@type='text'])/descendant-or-self::input[@type='text' or not(@type)]" in ChromeDriver
2021-05-13 12:47:40.4566 TRACE - - < Find visible element by XPath "(//label/span[text()='Name *']//..//..//../input [@type='text'])/descendant-or-self::input[@type='text' or not(@type)]" in ChromeDriver (0.023s) >> Element { Id=52b77558-dbfe-4af0-9d05-51244e09a9f1 }
2021-05-13 12:47:40.4566 TRACE - - < Find visible element by XPath "(//label/span[text()='Name *']//..//..//../input [@type='text'])/descendant-or-self::input[@type='text' or not(@type)]" in ChromeDriver (0.023s) >> Element { Id=52b77558-dbfe-4af0-9d05-51244e09a9f1 }
2021-05-13 12:47:40.4570 TRACE - - > Clear element { Id=52b77558-dbfe-4af0-9d05-51244e09a9f1 }
2021-05-13 12:47:40.4570 TRACE - - > Clear element { Id=52b77558-dbfe-4af0-9d05-51244e09a9f1 }
2021-05-13 12:47:40.4900 TRACE - - < Clear element { Id=52b77558-dbfe-4af0-9d05-51244e09a9f1 } (0.032s)
2021-05-13 12:47:40.4900 TRACE - - < Clear element { Id=52b77558-dbfe-4af0-9d05-51244e09a9f1 } (0.032s)
2021-05-13 12:47:40.4904 TRACE - - > Send keys "Alejandro" to element { Id=52b77558-dbfe-4af0-9d05-51244e09a9f1 }
2021-05-13 12:47:40.4904 TRACE - - > Send keys "Alejandro" to element { Id=52b77558-dbfe-4af0-9d05-51244e09a9f1 }
2021-05-13 12:47:40.6063 TRACE - - < Send keys "Alejandro" to element { Id=52b77558-dbfe-4af0-9d05-51244e09a9f1 } (0.115s)
2021-05-13 12:47:40.6063 TRACE - - < Send keys "Alejandro" to element { Id=52b77558-dbfe-4af0-9d05-51244e09a9f1 } (0.115s)
2021-05-13 12:47:40.6070 TRACE - < Execute behavior ValueSetUsingClearAndSendKeysAttribute against "Name Text Input" text input (0.174s)
2021-05-13 12:47:40.6070 TRACE - < Execute behavior ValueSetUsingClearAndSendKeysAttribute against "Name Text Input" text input (0.174s)
2021-05-13 12:47:40.6073  INFO < Set "Alejandro" to "Name Text Input" text input (0.175s)
2021-05-13 12:47:40.6073  INFO < Set "Alejandro" to "Name Text Input" text input (0.175s)
2021-05-13 12:47:40.6104  INFO > Set "Arvid_Lakin@example.org" to "E Mail Address Text Input" text input
2021-05-13 12:47:40.6104  INFO > Set "Arvid_Lakin@example.org" to "E Mail Address Text Input" text input
2021-05-13 12:47:40.6110 TRACE - > Execute behavior ValueSetUsingClearAndSendKeysAttribute against "E Mail Address Text Input" text input
2021-05-13 12:47:40.6110 TRACE - > Execute behavior ValueSetUsingClearAndSendKeysAttribute against "E Mail Address Text Input" text input
2021-05-13 12:47:40.6124 TRACE - - > Find visible element by XPath "(//label/span[text()='E-mail address *']//..//..//../input [@type='text'])/descendant-or-self::input[@type='text' or not(@type)]" in ChromeDriver
2021-05-13 12:47:40.6124 TRACE - - > Find visible element by XPath "(//label/span[text()='E-mail address *']//..//..//../input [@type='text'])/descendant-or-self::input[@type='text' or not(@type)]" in ChromeDriver
2021-05-13 12:47:40.6427 TRACE - - < Find visible element by XPath "(//label/span[text()='E-mail address *']//..//..//../input [@type='text'])/descendant-or-self::input[@type='text' or not(@type)]" in ChromeDriver (0.030s) >> Element { Id=9c8c664b-12a9-49ac-a8ba-2857384646ca }
2021-05-13 12:47:40.6427 TRACE - - < Find visible element by XPath "(//label/span[text()='E-mail address *']//..//..//../input [@type='text'])/descendant-or-self::input[@type='text' or not(@type)]" in ChromeDriver (0.030s) >> Element { Id=9c8c664b-12a9-49ac-a8ba-2857384646ca }
2021-05-13 12:47:40.6432 TRACE - - > Clear element { Id=9c8c664b-12a9-49ac-a8ba-2857384646ca }
2021-05-13 12:47:40.6432 TRACE - - > Clear element { Id=9c8c664b-12a9-49ac-a8ba-2857384646ca }
2021-05-13 12:47:40.6733 TRACE - - < Clear element { Id=9c8c664b-12a9-49ac-a8ba-2857384646ca } (0.030s)
2021-05-13 12:47:40.6733 TRACE - - < Clear element { Id=9c8c664b-12a9-49ac-a8ba-2857384646ca } (0.030s)
2021-05-13 12:47:40.6737 TRACE - - > Send keys "Arvid_Lakin@example.org" to element { Id=9c8c664b-12a9-49ac-a8ba-2857384646ca }
2021-05-13 12:47:40.6737 TRACE - - > Send keys "Arvid_Lakin@example.org" to element { Id=9c8c664b-12a9-49ac-a8ba-2857384646ca }
2021-05-13 12:47:40.8520 TRACE - - < Send keys "Arvid_Lakin@example.org" to element { Id=9c8c664b-12a9-49ac-a8ba-2857384646ca } (0.178s)
2021-05-13 12:47:40.8520 TRACE - - < Send keys "Arvid_Lakin@example.org" to element { Id=9c8c664b-12a9-49ac-a8ba-2857384646ca } (0.178s)
2021-05-13 12:47:40.8526 TRACE - < Execute behavior ValueSetUsingClearAndSendKeysAttribute against "E Mail Address Text Input" text input (0.241s)
2021-05-13 12:47:40.8526 TRACE - < Execute behavior ValueSetUsingClearAndSendKeysAttribute against "E Mail Address Text Input" text input (0.241s)
2021-05-13 12:47:40.8529  INFO < Set "Arvid_Lakin@example.org" to "E Mail Address Text Input" text input (0.242s)
2021-05-13 12:47:40.8529  INFO < Set "Arvid_Lakin@example.org" to "E Mail Address Text Input" text input (0.242s)
2021-05-13 12:47:40.8541  INFO > Set "Cummerata" to "Surname Text Input" text input
2021-05-13 12:47:40.8541  INFO > Set "Cummerata" to "Surname Text Input" text input
2021-05-13 12:47:40.8545 TRACE - > Execute behavior ValueSetUsingClearAndSendKeysAttribute against "Surname Text Input" text input
2021-05-13 12:47:40.8545 TRACE - > Execute behavior ValueSetUsingClearAndSendKeysAttribute against "Surname Text Input" text input
2021-05-13 12:47:40.8558 TRACE - - > Find visible element by XPath "(//label/span[text()='Surname *']//..//..//../input [@type='text'])/descendant-or-self::input[@type='text' or not(@type)]" in ChromeDriver
2021-05-13 12:47:40.8558 TRACE - - > Find visible element by XPath "(//label/span[text()='Surname *']//..//..//../input [@type='text'])/descendant-or-self::input[@type='text' or not(@type)]" in ChromeDriver
2021-05-13 12:47:40.8852 TRACE - - < Find visible element by XPath "(//label/span[text()='Surname *']//..//..//../input [@type='text'])/descendant-or-self::input[@type='text' or not(@type)]" in ChromeDriver (0.029s) >> Element { Id=a809d928-cafe-46b7-833d-a60a32517403 }
2021-05-13 12:47:40.8852 TRACE - - < Find visible element by XPath "(//label/span[text()='Surname *']//..//..//../input [@type='text'])/descendant-or-self::input[@type='text' or not(@type)]" in ChromeDriver (0.029s) >> Element { Id=a809d928-cafe-46b7-833d-a60a32517403 }
2021-05-13 12:47:40.8857 TRACE - - > Clear element { Id=a809d928-cafe-46b7-833d-a60a32517403 }
2021-05-13 12:47:40.8857 TRACE - - > Clear element { Id=a809d928-cafe-46b7-833d-a60a32517403 }
2021-05-13 12:47:40.9249 TRACE - - < Clear element { Id=a809d928-cafe-46b7-833d-a60a32517403 } (0.039s)
2021-05-13 12:47:40.9249 TRACE - - < Clear element { Id=a809d928-cafe-46b7-833d-a60a32517403 } (0.039s)
2021-05-13 12:47:40.9254 TRACE - - > Send keys "Cummerata" to element { Id=a809d928-cafe-46b7-833d-a60a32517403 }
2021-05-13 12:47:40.9254 TRACE - - > Send keys "Cummerata" to element { Id=a809d928-cafe-46b7-833d-a60a32517403 }
2021-05-13 12:47:41.0258 TRACE - - < Send keys "Cummerata" to element { Id=a809d928-cafe-46b7-833d-a60a32517403 } (0.100s)
2021-05-13 12:47:41.0258 TRACE - - < Send keys "Cummerata" to element { Id=a809d928-cafe-46b7-833d-a60a32517403 } (0.100s)
2021-05-13 12:47:41.0263 TRACE - < Execute behavior ValueSetUsingClearAndSendKeysAttribute against "Surname Text Input" text input (0.171s)
2021-05-13 12:47:41.0263 TRACE - < Execute behavior ValueSetUsingClearAndSendKeysAttribute against "Surname Text Input" text input (0.171s)
2021-05-13 12:47:41.0265  INFO < Set "Cummerata" to "Surname Text Input" text input (0.172s)
2021-05-13 12:47:41.0265  INFO < Set "Cummerata" to "Surname Text Input" text input (0.172s)
2021-05-13 12:47:41.0269  INFO > Set "pjzcf$js6laU" to "Password Text Input" password input
2021-05-13 12:47:41.0269  INFO > Set "pjzcf$js6laU" to "Password Text Input" password input
2021-05-13 12:47:41.0275 TRACE - > Execute behavior ValueSetUsingClearAndSendKeysAttribute against "Password Text Input" password input
2021-05-13 12:47:41.0275 TRACE - > Execute behavior ValueSetUsingClearAndSendKeysAttribute against "Password Text Input" password input
2021-05-13 12:47:41.0290 TRACE - - > Find visible element by XPath "(//span[text()='Password *']//..//..//../input [@type='password'])/descendant-or-self::input[@type='password']" in ChromeDriver
2021-05-13 12:47:41.0290 TRACE - - > Find visible element by XPath "(//span[text()='Password *']//..//..//../input [@type='password'])/descendant-or-self::input[@type='password']" in ChromeDriver
2021-05-13 12:47:41.0635 TRACE - - < Find visible element by XPath "(//span[text()='Password *']//..//..//../input [@type='password'])/descendant-or-self::input[@type='password']" in ChromeDriver (0.034s) >> Element { Id=1321116d-3d71-436b-bd7b-93c1b2f6d737 }
2021-05-13 12:47:41.0635 TRACE - - < Find visible element by XPath "(//span[text()='Password *']//..//..//../input [@type='password'])/descendant-or-self::input[@type='password']" in ChromeDriver (0.034s) >> Element { Id=1321116d-3d71-436b-bd7b-93c1b2f6d737 }
2021-05-13 12:47:41.0642 TRACE - - > Clear element { Id=1321116d-3d71-436b-bd7b-93c1b2f6d737 }
2021-05-13 12:47:41.0642 TRACE - - > Clear element { Id=1321116d-3d71-436b-bd7b-93c1b2f6d737 }
2021-05-13 12:47:41.0949 TRACE - - < Clear element { Id=1321116d-3d71-436b-bd7b-93c1b2f6d737 } (0.030s)
2021-05-13 12:47:41.0949 TRACE - - < Clear element { Id=1321116d-3d71-436b-bd7b-93c1b2f6d737 } (0.030s)
2021-05-13 12:47:41.0954 TRACE - - > Send keys "pjzcf$js6laU" to element { Id=1321116d-3d71-436b-bd7b-93c1b2f6d737 }
2021-05-13 12:47:41.0954 TRACE - - > Send keys "pjzcf$js6laU" to element { Id=1321116d-3d71-436b-bd7b-93c1b2f6d737 }
2021-05-13 12:47:41.1956 TRACE - - < Send keys "pjzcf$js6laU" to element { Id=1321116d-3d71-436b-bd7b-93c1b2f6d737 } (0.100s)
2021-05-13 12:47:41.1956 TRACE - - < Send keys "pjzcf$js6laU" to element { Id=1321116d-3d71-436b-bd7b-93c1b2f6d737 } (0.100s)
2021-05-13 12:47:41.1960 TRACE - < Execute behavior ValueSetUsingClearAndSendKeysAttribute against "Password Text Input" password input (0.168s)
2021-05-13 12:47:41.1960 TRACE - < Execute behavior ValueSetUsingClearAndSendKeysAttribute against "Password Text Input" password input (0.168s)
2021-05-13 12:47:41.1962  INFO < Set "pjzcf$js6laU" to "Password Text Input" password input (0.169s)
2021-05-13 12:47:41.1962  INFO < Set "pjzcf$js6laU" to "Password Text Input" password input (0.169s)
2021-05-13 12:47:41.1983  INFO > Set "118665516" to "Phone Number Text Input" text input
2021-05-13 12:47:41.1983  INFO > Set "118665516" to "Phone Number Text Input" text input
2021-05-13 12:47:41.1986 TRACE - > Execute behavior ValueSetUsingClearAndSendKeysAttribute against "Phone Number Text Input" text input
2021-05-13 12:47:41.1986 TRACE - > Execute behavior ValueSetUsingClearAndSendKeysAttribute against "Phone Number Text Input" text input
2021-05-13 12:47:41.1993 TRACE - - > Find visible element by XPath "(//label/span[text()='Phone number *']//..//..//../input [@type='text'])/descendant-or-self::input[@type='text' or not(@type)]" in ChromeDriver
2021-05-13 12:47:41.1993 TRACE - - > Find visible element by XPath "(//label/span[text()='Phone number *']//..//..//../input [@type='text'])/descendant-or-self::input[@type='text' or not(@type)]" in ChromeDriver
2021-05-13 12:47:41.2246 TRACE - - < Find visible element by XPath "(//label/span[text()='Phone number *']//..//..//../input [@type='text'])/descendant-or-self::input[@type='text' or not(@type)]" in ChromeDriver (0.025s) >> Element { Id=9cbc04e6-6b20-44ff-a131-4e1c5d26c036 }
2021-05-13 12:47:41.2246 TRACE - - < Find visible element by XPath "(//label/span[text()='Phone number *']//..//..//../input [@type='text'])/descendant-or-self::input[@type='text' or not(@type)]" in ChromeDriver (0.025s) >> Element { Id=9cbc04e6-6b20-44ff-a131-4e1c5d26c036 }
2021-05-13 12:47:41.2250 TRACE - - > Clear element { Id=9cbc04e6-6b20-44ff-a131-4e1c5d26c036 }
2021-05-13 12:47:41.2250 TRACE - - > Clear element { Id=9cbc04e6-6b20-44ff-a131-4e1c5d26c036 }
2021-05-13 12:47:41.2548 TRACE - - < Clear element { Id=9cbc04e6-6b20-44ff-a131-4e1c5d26c036 } (0.029s)
2021-05-13 12:47:41.2548 TRACE - - < Clear element { Id=9cbc04e6-6b20-44ff-a131-4e1c5d26c036 } (0.029s)
2021-05-13 12:47:41.2553 TRACE - - > Send keys "118665516" to element { Id=9cbc04e6-6b20-44ff-a131-4e1c5d26c036 }
2021-05-13 12:47:41.2553 TRACE - - > Send keys "118665516" to element { Id=9cbc04e6-6b20-44ff-a131-4e1c5d26c036 }
2021-05-13 12:47:41.3358 TRACE - - < Send keys "118665516" to element { Id=9cbc04e6-6b20-44ff-a131-4e1c5d26c036 } (0.080s)
2021-05-13 12:47:41.3358 TRACE - - < Send keys "118665516" to element { Id=9cbc04e6-6b20-44ff-a131-4e1c5d26c036 } (0.080s)
2021-05-13 12:47:41.3362 TRACE - < Execute behavior ValueSetUsingClearAndSendKeysAttribute against "Phone Number Text Input" text input (0.137s)
2021-05-13 12:47:41.3362 TRACE - < Execute behavior ValueSetUsingClearAndSendKeysAttribute against "Phone Number Text Input" text input (0.137s)
2021-05-13 12:47:41.3364  INFO < Set "118665516" to "Phone Number Text Input" text input (0.138s)
2021-05-13 12:47:41.3364  INFO < Set "118665516" to "Phone Number Text Input" text input (0.138s)
2021-05-13 12:47:41.3367  INFO > Set "pjzcf$js6laU" to "Repeat Password Text Input" password input
2021-05-13 12:47:41.3367  INFO > Set "pjzcf$js6laU" to "Repeat Password Text Input" password input
2021-05-13 12:47:41.3369 TRACE - > Execute behavior ValueSetUsingClearAndSendKeysAttribute against "Repeat Password Text Input" password input
2021-05-13 12:47:41.3369 TRACE - > Execute behavior ValueSetUsingClearAndSendKeysAttribute against "Repeat Password Text Input" password input
2021-05-13 12:47:41.3376 TRACE - - > Find visible element by XPath "(//span[text()='Repeat password *']//..//..//../input[@type='password'])/descendant-or-self::input[@type='password']" in ChromeDriver
2021-05-13 12:47:41.3376 TRACE - - > Find visible element by XPath "(//span[text()='Repeat password *']//..//..//../input[@type='password'])/descendant-or-self::input[@type='password']" in ChromeDriver
2021-05-13 12:47:41.3646 TRACE - - < Find visible element by XPath "(//span[text()='Repeat password *']//..//..//../input[@type='password'])/descendant-or-self::input[@type='password']" in ChromeDriver (0.026s) >> Element { Id=522f0835-9634-44ec-b256-a9b62b91bbaf }
2021-05-13 12:47:41.3646 TRACE - - < Find visible element by XPath "(//span[text()='Repeat password *']//..//..//../input[@type='password'])/descendant-or-self::input[@type='password']" in ChromeDriver (0.026s) >> Element { Id=522f0835-9634-44ec-b256-a9b62b91bbaf }
2021-05-13 12:47:41.3652 TRACE - - > Clear element { Id=522f0835-9634-44ec-b256-a9b62b91bbaf }
2021-05-13 12:47:41.3652 TRACE - - > Clear element { Id=522f0835-9634-44ec-b256-a9b62b91bbaf }
2021-05-13 12:47:41.3950 TRACE - - < Clear element { Id=522f0835-9634-44ec-b256-a9b62b91bbaf } (0.029s)
2021-05-13 12:47:41.3950 TRACE - - < Clear element { Id=522f0835-9634-44ec-b256-a9b62b91bbaf } (0.029s)
2021-05-13 12:47:41.3953 TRACE - - > Send keys "pjzcf$js6laU" to element { Id=522f0835-9634-44ec-b256-a9b62b91bbaf }
2021-05-13 12:47:41.3953 TRACE - - > Send keys "pjzcf$js6laU" to element { Id=522f0835-9634-44ec-b256-a9b62b91bbaf }
2021-05-13 12:47:41.4915 TRACE - - < Send keys "pjzcf$js6laU" to element { Id=522f0835-9634-44ec-b256-a9b62b91bbaf } (0.096s)
2021-05-13 12:47:41.4915 TRACE - - < Send keys "pjzcf$js6laU" to element { Id=522f0835-9634-44ec-b256-a9b62b91bbaf } (0.096s)
2021-05-13 12:47:41.4919 TRACE - < Execute behavior ValueSetUsingClearAndSendKeysAttribute against "Repeat Password Text Input" password input (0.154s)
2021-05-13 12:47:41.4919 TRACE - < Execute behavior ValueSetUsingClearAndSendKeysAttribute against "Repeat Password Text Input" password input (0.154s)
2021-05-13 12:47:41.4921  INFO < Set "pjzcf$js6laU" to "Repeat Password Text Input" password input (0.155s)
2021-05-13 12:47:41.4921  INFO < Set "pjzcf$js6laU" to "Repeat Password Text Input" password input (0.155s)
2021-05-13 12:47:41.4944  INFO > Set "Slovenia" to "Country" select
2021-05-13 12:47:41.4944  INFO > Set "Slovenia" to "Country" select
2021-05-13 12:47:41.5025 TRACE - > Click "Country" select's "Slovenia" option
2021-05-13 12:47:41.5025 TRACE - > Click "Country" select's "Slovenia" option
2021-05-13 12:47:41.5029 TRACE - - > Execute behavior ClickUsingClickMethodAttribute against "Country" select's "Slovenia" option
2021-05-13 12:47:41.5029 TRACE - - > Execute behavior ClickUsingClickMethodAttribute against "Country" select's "Slovenia" option
2021-05-13 12:47:41.5041 TRACE - - - > Find visible element by XPath "(//label/span[text()='Country *']//..//..//../select)/descendant-or-self::select" in ChromeDriver
2021-05-13 12:47:41.5041 TRACE - - - > Find visible element by XPath "(//label/span[text()='Country *']//..//..//../select)/descendant-or-self::select" in ChromeDriver
2021-05-13 12:47:41.5282 TRACE - - - < Find visible element by XPath "(//label/span[text()='Country *']//..//..//../select)/descendant-or-self::select" in ChromeDriver (0.024s) >> Element { Id=1c4fbbc1-6497-4f38-bea6-48de31729e77 }
2021-05-13 12:47:41.5282 TRACE - - - < Find visible element by XPath "(//label/span[text()='Country *']//..//..//../select)/descendant-or-self::select" in ChromeDriver (0.024s) >> Element { Id=1c4fbbc1-6497-4f38-bea6-48de31729e77 }
2021-05-13 12:47:41.5322 TRACE - - - > Find visible element by XPath ".//option[normalize-space(.) = 'Slovenia']" in Element { Id=1c4fbbc1-6497-4f38-bea6-48de31729e77 }
2021-05-13 12:47:41.5322 TRACE - - - > Find visible element by XPath ".//option[normalize-space(.) = 'Slovenia']" in Element { Id=1c4fbbc1-6497-4f38-bea6-48de31729e77 }
2021-05-13 12:47:41.5577 TRACE - - - < Find visible element by XPath ".//option[normalize-space(.) = 'Slovenia']" in Element { Id=1c4fbbc1-6497-4f38-bea6-48de31729e77 } (0.025s) >> Element { Id=651b6585-337f-43bb-9184-25f375386868 }
2021-05-13 12:47:41.5577 TRACE - - - < Find visible element by XPath ".//option[normalize-space(.) = 'Slovenia']" in Element { Id=1c4fbbc1-6497-4f38-bea6-48de31729e77 } (0.025s) >> Element { Id=651b6585-337f-43bb-9184-25f375386868 }
2021-05-13 12:47:41.5585 TRACE - - - > Click element { Id=651b6585-337f-43bb-9184-25f375386868 }
2021-05-13 12:47:41.5585 TRACE - - - > Click element { Id=651b6585-337f-43bb-9184-25f375386868 }
2021-05-13 12:47:41.5968 TRACE - - - < Click element { Id=651b6585-337f-43bb-9184-25f375386868 } (0.038s)
2021-05-13 12:47:41.5968 TRACE - - - < Click element { Id=651b6585-337f-43bb-9184-25f375386868 } (0.038s)
2021-05-13 12:47:41.5972 TRACE - - < Execute behavior ClickUsingClickMethodAttribute against "Country" select's "Slovenia" option (0.094s)
2021-05-13 12:47:41.5972 TRACE - - < Execute behavior ClickUsingClickMethodAttribute against "Country" select's "Slovenia" option (0.094s)
2021-05-13 12:47:41.5974 TRACE - < Click "Country" select's "Slovenia" option (0.094s)
2021-05-13 12:47:41.5974 TRACE - < Click "Country" select's "Slovenia" option (0.094s)
2021-05-13 12:47:41.5976  INFO < Set "Slovenia" to "Country" select (0.103s)
2021-05-13 12:47:41.5976  INFO < Set "Slovenia" to "Country" select (0.103s)
2021-05-13 12:47:41.5977  INFO > Click "First Check Box" control
2021-05-13 12:47:41.5977  INFO > Click "First Check Box" control
2021-05-13 12:47:41.5979 TRACE - > Execute behavior ClickUsingClickMethodAttribute against "First Check Box" control
2021-05-13 12:47:41.5979 TRACE - > Execute behavior ClickUsingClickMethodAttribute against "First Check Box" control
2021-05-13 12:47:41.5983 TRACE - - > Find visible element by XPath "(//body/div[@id='root']/div[2]/div[1]/div[1]/div[2]/form[1]/div[5]/div[1]/div[1]/div[1]/div[1]/div[1])/descendant-or-self::*" in ChromeDriver
2021-05-13 12:47:41.5983 TRACE - - > Find visible element by XPath "(//body/div[@id='root']/div[2]/div[1]/div[1]/div[2]/form[1]/div[5]/div[1]/div[1]/div[1]/div[1]/div[1])/descendant-or-self::*" in ChromeDriver
2021-05-13 12:47:46.6058 TRACE - - < Find visible element by XPath "(//body/div[@id='root']/div[2]/div[1]/div[1]/div[2]/form[1]/div[5]/div[1]/div[1]/div[1]/div[1]/div[1])/descendant-or-self::*" in ChromeDriver (5.007s) >>
OpenQA.Selenium.NoSuchElementException: Unable to locate visible element:
- By: XPath "(//body/div[@id='root']/div[2]/div[1]/div[1]/div[2]/form[1]/div[5]/div[1]/div[1]/div[1]/div[1]/div[1])/descendant-or-self::*"
- Search time: 5.007s
- Search options: {Visibility=Visible, Timeout=5s, RetryInterval=0.5s, IsSafely=False}
2021-05-13 12:47:46.6058 TRACE - - < Find visible element by XPath "(//body/div[@id='root']/div[2]/div[1]/div[1]/div[2]/form[1]/div[5]/div[1]/div[1]/div[1]/div[1]/div[1])/descendant-or-self::*" in ChromeDriver (5.007s) >>
OpenQA.Selenium.NoSuchElementException: Unable to locate visible element:
- By: XPath "(//body/div[@id='root']/div[2]/div[1]/div[1]/div[2]/form[1]/div[5]/div[1]/div[1]/div[1]/div[1]/div[1])/descendant-or-self::*"
- Search time: 5.007s
- Search options: {Visibility=Visible, Timeout=5s, RetryInterval=0.5s, IsSafely=False}
2021-05-13 12:47:46.6062 TRACE - < Execute behavior ClickUsingClickMethodAttribute against "First Check Box" control (5.008s) >>
OpenQA.Selenium.NoSuchElementException: Unable to locate visible element:
- By: XPath "(//body/div[@id='root']/div[2]/div[1]/div[1]/div[2]/form[1]/div[5]/div[1]/div[1]/div[1]/div[1]/div[1])/descendant-or-self::*"
- Search time: 5.007s
- Search options: {Visibility=Visible, Timeout=5s, RetryInterval=0.5s, IsSafely=False}
2021-05-13 12:47:46.6062 TRACE - < Execute behavior ClickUsingClickMethodAttribute against "First Check Box" control (5.008s) >>
OpenQA.Selenium.NoSuchElementException: Unable to locate visible element:
- By: XPath "(//body/div[@id='root']/div[2]/div[1]/div[1]/div[2]/form[1]/div[5]/div[1]/div[1]/div[1]/div[1]/div[1])/descendant-or-self::*"
- Search time: 5.007s
- Search options: {Visibility=Visible, Timeout=5s, RetryInterval=0.5s, IsSafely=False}
2021-05-13 12:47:46.6066  INFO < Click "First Check Box" control (5.008s) >>
OpenQA.Selenium.NoSuchElementException: Unable to locate visible element:
- By: XPath "(//body/div[@id='root']/div[2]/div[1]/div[1]/div[2]/form[1]/div[5]/div[1]/div[1]/div[1]/div[1]/div[1])/descendant-or-self::*"
- Search time: 5.007s
- Search options: {Visibility=Visible, Timeout=5s, RetryInterval=0.5s, IsSafely=False}
2021-05-13 12:47:46.6066  INFO < Click "First Check Box" control (5.008s) >>
OpenQA.Selenium.NoSuchElementException: Unable to locate visible element:
- By: XPath "(//body/div[@id='root']/div[2]/div[1]/div[1]/div[2]/form[1]/div[5]/div[1]/div[1]/div[1]/div[1]/div[1])/descendant-or-self::*"
- Search time: 5.007s
- Search options: {Visibility=Visible, Timeout=5s, RetryInterval=0.5s, IsSafely=False}
-> error: Unable to locate visible element:
- By: XPath "(//body/div[@id='root']/div[2]/div[1]/div[1]/div[2]/form[1]/div[5]/div[1]/div[1]/div[1]/div[1]/div[1])/descendant-or-self::*"
- Search time: 5.007s
- Search options: {Visibility=Visible, Timeout=5s, RetryInterval=0.5s, IsSafely=False} (7,5s)
And Confirm by click
-> skipped because of previous errors
Then User see confirmation message
-> skipped because of previous errors
And After confirmation email message user can log in
-> skipped because of previous errors
2021-05-13 12:47:46.7859 ERROR OpenQA.Selenium.NoSuchElementException : Unable to locate visible element:
- By: XPath "(//body/div[@id='root']/div[2]/div[1]/div[1]/div[2]/form[1]/div[5]/div[1]/div[1]/div[1]/div[1]/div[1])/descendant-or-self::*"
- Search time: 5.007s
- Search options: {Visibility=Visible, Timeout=5s, RetryInterval=0.5s, IsSafely=False}
   at Atata.ExtendedSearchContext`1.Find(By by)
   at Atata.ExtendedSearchContext`1.FindElement(By by)
   at Atata.ISearchContextExtensions.Get[T](T searchContext, By by)
   at Atata.ISearchContextLoggingExtensions.<>c__DisplayClass0_0.<GetWithLogging>b__0()
   at Atata.LogManager.ExecuteSection[TResult](LogSection section, Func`1 function)
   at Atata.ISearchContextLoggingExtensions.GetWithLogging(ISearchContext searchContext, By by)
   at Atata.XPathComponentScopeFindResult.Get(String xPathCondition)
   at Atata.StrategyScopeLocator.<>c__DisplayClass3_0.<GetElement>b__0(XPathComponentScopeFindResult x)
   at System.Linq.Enumerable.SelectArrayIterator`2.MoveNext()
   at System.Linq.Enumerable.TryGetFirst[TSource](IEnumerable`1 source, Func`2 predicate, Boolean& found)
   at System.Linq.Enumerable.FirstOrDefault[TSource](IEnumerable`1 source, Func`2 predicate)
   at Atata.StrategyScopeLocator.GetElement(SearchOptions searchOptions, String xPathCondition)
   at Atata.UIComponent`1.OnGetScopeElement(SearchOptions searchOptions)
   at Atata.UIComponent.GetScopeElement(SearchOptions searchOptions)
   at Atata.UIComponent.get_Scope()
   at Atata.ClickUsingClickMethodAttribute.Execute[TOwner](IUIComponent`1 component)
   at Atata.Control`1.<>c__DisplayClass12_0.<OnClick>b__0()
   at Atata.LogManager.ExecuteSection(LogSection section, Action action)
   at Atata.Control`1.OnClick()
   at Atata.LogManager.ExecuteSection(LogSection section, Action action)
   at Atata.Control`1.Click()
   at IFlow.Testing.StepDefinitions.RegistrationAndLoginSteps.WhenUserInputAllDataOnRegistrationPage() in C:\Users\lezi\source\repos\IFLOW.testing\Iflow.Testing\StepDefinitions\RegistrationAndLoginSteps.cs:line 74
   at TechTalk.SpecFlow.Bindings.BindingInvoker.InvokeBinding(IBinding binding, IContextManager contextManager, Object[] arguments, ITestTracer testTracer, TimeSpan& duration)
   at TechTalk.SpecFlow.Infrastructure.TestExecutionEngine.ExecuteStepMatch(BindingMatch match, Object[] arguments, TimeSpan& duration)
   at TechTalk.SpecFlow.Infrastructure.TestExecutionEngine.ExecuteStep(IContextManager contextManager, StepInstance stepInstance)
   at TechTalk.SpecFlow.Infrastructure.TestExecutionEngine.OnAfterLastStep()
   at TechTalk.SpecFlow.TestRunner.CollectScenarioErrors()
   at IFlow.Testing.Feature.RegistrationFeature.ScenarioCleanup()
   at IFlow.Testing.Feature.RegistrationFeature.CorrectRegistrationProcess() in C:\Users\lezi\source\repos\IFLOW.testing\Iflow.Testing\Feature\Registration.feature:line 13
2021-05-13 12:47:46.7859 ERROR OpenQA.Selenium.NoSuchElementException : Unable to locate visible element:
- By: XPath "(//body/div[@id='root']/div[2]/div[1]/div[1]/div[2]/form[1]/div[5]/div[1]/div[1]/div[1]/div[1]/div[1])/descendant-or-self::*"
- Search time: 5.007s
- Search options: {Visibility=Visible, Timeout=5s, RetryInterval=0.5s, IsSafely=False}
   at Atata.ExtendedSearchContext`1.Find(By by)
   at Atata.ExtendedSearchContext`1.FindElement(By by)
   at Atata.ISearchContextExtensions.Get[T](T searchContext, By by)
   at Atata.ISearchContextLoggingExtensions.<>c__DisplayClass0_0.<GetWithLogging>b__0()
   at Atata.LogManager.ExecuteSection[TResult](LogSection section, Func`1 function)
   at Atata.ISearchContextLoggingExtensions.GetWithLogging(ISearchContext searchContext, By by)
   at Atata.XPathComponentScopeFindResult.Get(String xPathCondition)
   at Atata.StrategyScopeLocator.<>c__DisplayClass3_0.<GetElement>b__0(XPathComponentScopeFindResult x)
   at System.Linq.Enumerable.SelectArrayIterator`2.MoveNext()
   at System.Linq.Enumerable.TryGetFirst[TSource](IEnumerable`1 source, Func`2 predicate, Boolean& found)
   at System.Linq.Enumerable.FirstOrDefault[TSource](IEnumerable`1 source, Func`2 predicate)
   at Atata.StrategyScopeLocator.GetElement(SearchOptions searchOptions, String xPathCondition)
   at Atata.UIComponent`1.OnGetScopeElement(SearchOptions searchOptions)
   at Atata.UIComponent.GetScopeElement(SearchOptions searchOptions)
   at Atata.UIComponent.get_Scope()
   at Atata.ClickUsingClickMethodAttribute.Execute[TOwner](IUIComponent`1 component)
   at Atata.Control`1.<>c__DisplayClass12_0.<OnClick>b__0()
   at Atata.LogManager.ExecuteSection(LogSection section, Action action)
   at Atata.Control`1.OnClick()
   at Atata.LogManager.ExecuteSection(LogSection section, Action action)
   at Atata.Control`1.Click()
   at IFlow.Testing.StepDefinitions.RegistrationAndLoginSteps.WhenUserInputAllDataOnRegistrationPage() in C:\Users\lezi\source\repos\IFLOW.testing\Iflow.Testing\StepDefinitions\RegistrationAndLoginSteps.cs:line 74
   at TechTalk.SpecFlow.Bindings.BindingInvoker.InvokeBinding(IBinding binding, IContextManager contextManager, Object[] arguments, ITestTracer testTracer, TimeSpan& duration)
   at TechTalk.SpecFlow.Infrastructure.TestExecutionEngine.ExecuteStepMatch(BindingMatch match, Object[] arguments, TimeSpan& duration)
   at TechTalk.SpecFlow.Infrastructure.TestExecutionEngine.ExecuteStep(IContextManager contextManager, StepInstance stepInstance)
   at TechTalk.SpecFlow.Infrastructure.TestExecutionEngine.OnAfterLastStep()
   at TechTalk.SpecFlow.TestRunner.CollectScenarioErrors()
   at IFlow.Testing.Feature.RegistrationFeature.ScenarioCleanup()
   at IFlow.Testing.Feature.RegistrationFeature.CorrectRegistrationProcess() in C:\Users\lezi\source\repos\IFLOW.testing\Iflow.Testing\Feature\Registration.feature:line 13
2021-05-13 12:47:46.7866 ERROR OpenQA.Selenium.NoSuchElementException : Unable to locate visible element:
- By: XPath "(//body/div[@id='root']/div[2]/div[1]/div[1]/div[2]/form[1]/div[5]/div[1]/div[1]/div[1]/div[1]/div[1])/descendant-or-self::*"
- Search time: 5.007s
- Search options: {Visibility=Visible, Timeout=5s, RetryInterval=0.5s, IsSafely=False}
   at Atata.ExtendedSearchContext`1.Find(By by)
   at Atata.ExtendedSearchContext`1.FindElement(By by)
   at Atata.ISearchContextExtensions.Get[T](T searchContext, By by)
   at Atata.ISearchContextLoggingExtensions.<>c__DisplayClass0_0.<GetWithLogging>b__0()
   at Atata.LogManager.ExecuteSection[TResult](LogSection section, Func`1 function)
   at Atata.ISearchContextLoggingExtensions.GetWithLogging(ISearchContext searchContext, By by)
   at Atata.XPathComponentScopeFindResult.Get(String xPathCondition)
   at Atata.StrategyScopeLocator.<>c__DisplayClass3_0.<GetElement>b__0(XPathComponentScopeFindResult x)
   at System.Linq.Enumerable.SelectArrayIterator`2.MoveNext()
   at System.Linq.Enumerable.TryGetFirst[TSource](IEnumerable`1 source, Func`2 predicate, Boolean& found)
   at System.Linq.Enumerable.FirstOrDefault[TSource](IEnumerable`1 source, Func`2 predicate)
   at Atata.StrategyScopeLocator.GetElement(SearchOptions searchOptions, String xPathCondition)
   at Atata.UIComponent`1.OnGetScopeElement(SearchOptions searchOptions)
   at Atata.UIComponent.GetScopeElement(SearchOptions searchOptions)
   at Atata.UIComponent.get_Scope()
   at Atata.ClickUsingClickMethodAttribute.Execute[TOwner](IUIComponent`1 component)
   at Atata.Control`1.<>c__DisplayClass12_0.<OnClick>b__0()
   at Atata.LogManager.ExecuteSection(LogSection section, Action action)
   at Atata.Control`1.OnClick()
   at Atata.LogManager.ExecuteSection(LogSection section, Action action)
   at Atata.Control`1.Click()
   at IFlow.Testing.StepDefinitions.RegistrationAndLoginSteps.WhenUserInputAllDataOnRegistrationPage() in C:\Users\lezi\source\repos\IFLOW.testing\Iflow.Testing\StepDefinitions\RegistrationAndLoginSteps.cs:line 74
   at TechTalk.SpecFlow.Bindings.BindingInvoker.InvokeBinding(IBinding binding, IContextManager contextManager, Object[] arguments, ITestTracer testTracer, TimeSpan& duration)
   at TechTalk.SpecFlow.Infrastructure.TestExecutionEngine.ExecuteStepMatch(BindingMatch match, Object[] arguments, TimeSpan& duration)
   at TechTalk.SpecFlow.Infrastructure.TestExecutionEngine.ExecuteStep(IContextManager contextManager, StepInstance stepInstance)
   at TechTalk.SpecFlow.Infrastructure.TestExecutionEngine.OnAfterLastStep()
   at TechTalk.SpecFlow.TestRunner.CollectScenarioErrors()
   at IFlow.Testing.Feature.RegistrationFeature.ScenarioCleanup()
   at IFlow.Testing.Feature.RegistrationFeature.CorrectRegistrationProcess() in C:\Users\lezi\source\repos\IFLOW.testing\Iflow.Testing\Feature\Registration.feature:line 13
2021-05-13 12:47:46.7866 ERROR OpenQA.Selenium.NoSuchElementException : Unable to locate visible element:
- By: XPath "(//body/div[@id='root']/div[2]/div[1]/div[1]/div[2]/form[1]/div[5]/div[1]/div[1]/div[1]/div[1]/div[1])/descendant-or-self::*"
- Search time: 5.007s
- Search options: {Visibility=Visible, Timeout=5s, RetryInterval=0.5s, IsSafely=False}
   at Atata.ExtendedSearchContext`1.Find(By by)
   at Atata.ExtendedSearchContext`1.FindElement(By by)
   at Atata.ISearchContextExtensions.Get[T](T searchContext, By by)
   at Atata.ISearchContextLoggingExtensions.<>c__DisplayClass0_0.<GetWithLogging>b__0()
   at Atata.LogManager.ExecuteSection[TResult](LogSection section, Func`1 function)
   at Atata.ISearchContextLoggingExtensions.GetWithLogging(ISearchContext searchContext, By by)
   at Atata.XPathComponentScopeFindResult.Get(String xPathCondition)
   at Atata.StrategyScopeLocator.<>c__DisplayClass3_0.<GetElement>b__0(XPathComponentScopeFindResult x)
   at System.Linq.Enumerable.SelectArrayIterator`2.MoveNext()
   at System.Linq.Enumerable.TryGetFirst[TSource](IEnumerable`1 source, Func`2 predicate, Boolean& found)
   at System.Linq.Enumerable.FirstOrDefault[TSource](IEnumerable`1 source, Func`2 predicate)
   at Atata.StrategyScopeLocator.GetElement(SearchOptions searchOptions, String xPathCondition)
   at Atata.UIComponent`1.OnGetScopeElement(SearchOptions searchOptions)
   at Atata.UIComponent.GetScopeElement(SearchOptions searchOptions)
   at Atata.UIComponent.get_Scope()
   at Atata.ClickUsingClickMethodAttribute.Execute[TOwner](IUIComponent`1 component)
   at Atata.Control`1.<>c__DisplayClass12_0.<OnClick>b__0()
   at Atata.LogManager.ExecuteSection(LogSection section, Action action)
   at Atata.Control`1.OnClick()
   at Atata.LogManager.ExecuteSection(LogSection section, Action action)
   at Atata.Control`1.Click()
   at IFlow.Testing.StepDefinitions.RegistrationAndLoginSteps.WhenUserInputAllDataOnRegistrationPage() in C:\Users\lezi\source\repos\IFLOW.testing\Iflow.Testing\StepDefinitions\RegistrationAndLoginSteps.cs:line 74
   at TechTalk.SpecFlow.Bindings.BindingInvoker.InvokeBinding(IBinding binding, IContextManager contextManager, Object[] arguments, ITestTracer testTracer, TimeSpan& duration)
   at TechTalk.SpecFlow.Infrastructure.TestExecutionEngine.ExecuteStepMatch(BindingMatch match, Object[] arguments, TimeSpan& duration)
   at TechTalk.SpecFlow.Infrastructure.TestExecutionEngine.ExecuteStep(IContextManager contextManager, StepInstance stepInstance)
   at TechTalk.SpecFlow.Infrastructure.TestExecutionEngine.OnAfterLastStep()
   at TechTalk.SpecFlow.TestRunner.CollectScenarioErrors()
   at IFlow.Testing.Feature.RegistrationFeature.ScenarioCleanup()
   at IFlow.Testing.Feature.RegistrationFeature.CorrectRegistrationProcess() in C:\Users\lezi\source\repos\IFLOW.testing\Iflow.Testing\Feature\Registration.feature:line 13
2021-05-13 12:47:46.7869  INFO > Clean up AtataContext
2021-05-13 12:47:46.7869  INFO > Clean up AtataContext
2021-05-13 12:47:46.8700  INFO < Clean up AtataContext (0.083s)
2021-05-13 12:47:46.8700  INFO < Clean up AtataContext (0.083s)
2021-05-13 12:47:46.8704  INFO Finished test (9.012s)
2021-05-13 12:47:46.8704  INFO Finished test (9.012s)
2021-05-13 12:47:46.8706  INFO Pure test execution time: 7.710s
2021-05-13 12:47:46.8706  INFO Pure test execution time: 7.710s

]]></output>
              <failure>
                <message>OpenQA.Selenium.NoSuchElementException : Unable to locate visible element:
- By: XPath "(//body/div[@id='root']/div[2]/div[1]/div[1]/div[2]/form[1]/div[5]/div[1]/div[1]/div[1]/div[1]/div[1])/descendant-or-self::*"
- Search time: 5.007s
- Search options: {Visibility=Visible, Timeout=5s, RetryInterval=0.5s, IsSafely=False}</message>
                <stack-trace>   at Atata.ExtendedSearchContext`1.Find(By by)
   at Atata.ExtendedSearchContext`1.FindElement(By by)
   at Atata.ISearchContextExtensions.Get[T](T searchContext, By by)
   at Atata.ISearchContextLoggingExtensions.&lt;&gt;c__DisplayClass0_0.&lt;GetWithLogging&gt;b__0()
   at Atata.LogManager.ExecuteSection[TResult](LogSection section, Func`1 function)
   at Atata.ISearchContextLoggingExtensions.GetWithLogging(ISearchContext searchContext, By by)
   at Atata.XPathComponentScopeFindResult.Get(String xPathCondition)
   at Atata.StrategyScopeLocator.&lt;&gt;c__DisplayClass3_0.&lt;GetElement&gt;b__0(XPathComponentScopeFindResult x)
   at System.Linq.Enumerable.SelectArrayIterator`2.MoveNext()
   at System.Linq.Enumerable.TryGetFirst[TSource](IEnumerable`1 source, Func`2 predicate, Boolean&amp; found)
   at System.Linq.Enumerable.FirstOrDefault[TSource](IEnumerable`1 source, Func`2 predicate)
   at Atata.StrategyScopeLocator.GetElement(SearchOptions searchOptions, String xPathCondition)
   at Atata.UIComponent`1.OnGetScopeElement(SearchOptions searchOptions)
   at Atata.UIComponent.GetScopeElement(SearchOptions searchOptions)
   at Atata.UIComponent.get_Scope()
   at Atata.ClickUsingClickMethodAttribute.Execute[TOwner](IUIComponent`1 component)
   at Atata.Control`1.&lt;&gt;c__DisplayClass12_0.&lt;OnClick&gt;b__0()
   at Atata.LogManager.ExecuteSection(LogSection section, Action action)
   at Atata.Control`1.OnClick()
   at Atata.LogManager.ExecuteSection(LogSection section, Action action)
   at Atata.Control`1.Click()
   at IFlow.Testing.StepDefinitions.RegistrationAndLoginSteps.WhenUserInputAllDataOnRegistrationPage() in C:\Users\lezi\source\repos\IFLOW.testing\Iflow.Testing\StepDefinitions\RegistrationAndLoginSteps.cs:line 74
   at TechTalk.SpecFlow.Bindings.BindingInvoker.InvokeBinding(IBinding binding, IContextManager contextManager, Object[] arguments, ITestTracer testTracer, TimeSpan&amp; duration)
   at TechTalk.SpecFlow.Infrastructure.TestExecutionEngine.ExecuteStepMatch(BindingMatch match, Object[] arguments, TimeSpan&amp; duration)
   at TechTalk.SpecFlow.Infrastructure.TestExecutionEngine.ExecuteStep(IContextManager contextManager, StepInstance stepInstance)
   at TechTalk.SpecFlow.Infrastructure.TestExecutionEngine.OnAfterLastStep()
   at TechTalk.SpecFlow.TestRunner.CollectScenarioErrors()
   at IFlow.Testing.Feature.RegistrationFeature.ScenarioCleanup()
   at IFlow.Testing.Feature.RegistrationFeature.CorrectRegistrationProcess() in C:\Users\lezi\source\repos\IFLOW.testing\Iflow.Testing\Feature\Registration.feature:line 13</stack-trace>
              </failure>
            </test-case>
            <test-case name="FailedRegistrationProcess" fullname="IFlow.Testing.Feature.RegistrationFeature.FailedRegistrationProcess" methodname="FailedRegistrationProcess" classname="RegistrationFeature" result="Failed" start-time="2021-05-13T 10:47:46Z" end-time="2021-05-13T 10:47:56Z" duration="9.584225" asserts="0">
              <properties>
                <property name="Category" value="TEST_IB-192" />
              </properties>
              <output><![CDATA[2021-05-13 12:47:46.8737  INFO Starting test: FailedRegistrationProcess
2021-05-13 12:47:46.8737  INFO Starting test: FailedRegistrationProcess
2021-05-13 12:47:46.8741 TRACE > Set up AtataContext
2021-05-13 12:47:46.8741 TRACE > Set up AtataContext
2021-05-13 12:47:46.8750 TRACE - Use: "Atata.json" config
2021-05-13 12:47:46.8750 TRACE - Use: "Atata.json" config
2021-05-13 12:47:46.8754 TRACE - Set: ElementFindTimeout=5s; ElementFindRetryInterval=0.5s
2021-05-13 12:47:46.8754 TRACE - Set: ElementFindTimeout=5s; ElementFindRetryInterval=0.5s
2021-05-13 12:47:46.8756 TRACE - Set: WaitingTimeout=5s; WaitingRetryInterval=0.5s
2021-05-13 12:47:46.8756 TRACE - Set: WaitingTimeout=5s; WaitingRetryInterval=0.5s
2021-05-13 12:47:46.8758 TRACE - Set: VerificationTimeout=5s; VerificationRetryInterval=0.5s
2021-05-13 12:47:46.8758 TRACE - Set: VerificationTimeout=5s; VerificationRetryInterval=0.5s
2021-05-13 12:47:46.8761 TRACE - Set: Culture=en-US
2021-05-13 12:47:46.8761 TRACE - Set: Culture=en-US
2021-05-13 12:47:46.8770 TRACE - Set: DriverService=ChromeDriverService on port 55890
2021-05-13 12:47:46.8770 TRACE - Set: DriverService=ChromeDriverService on port 55890
2021-05-13 12:47:48.2909 TRACE - Set: Driver=ChromeDriver (alias=chrome-headless)
2021-05-13 12:47:48.2909 TRACE - Set: Driver=ChromeDriver (alias=chrome-headless)
2021-05-13 12:47:48.2913 TRACE < Set up AtataContext (1.417s)
2021-05-13 12:47:48.2913 TRACE < Set up AtataContext (1.417s)
When User don't input all data on registration page and confirm
2021-05-13 12:47:48.2936  INFO Go to "Main" page
2021-05-13 12:47:48.2936  INFO Go to "Main" page
2021-05-13 12:47:48.2959  INFO Go to URL "http://app-iflow-dev-001.azurewebsites.net/"
2021-05-13 12:47:48.2959  INFO Go to URL "http://app-iflow-dev-001.azurewebsites.net/"
2021-05-13 12:47:49.3178 TRACE > Execute trigger VerifyTitleAttribute { Values="React app", Case=Title, Match=Equals } on Init against "Main" page
2021-05-13 12:47:49.3178 TRACE > Execute trigger VerifyTitleAttribute { Values="React app", Case=Title, Match=Equals } on Init against "Main" page
2021-05-13 12:47:49.3185  INFO - > Assert: title should equal "React app"
2021-05-13 12:47:49.3185  INFO - > Assert: title should equal "React app"
2021-05-13 12:47:49.3288  INFO - < Assert: title should equal "React app" (0.010s)
2021-05-13 12:47:49.3288  INFO - < Assert: title should equal "React app" (0.010s)
2021-05-13 12:47:49.3294 TRACE < Execute trigger VerifyTitleAttribute { Values="React app", Case=Title, Match=Equals } on Init against "Main" page (0.011s)
2021-05-13 12:47:49.3294 TRACE < Execute trigger VerifyTitleAttribute { Values="React app", Case=Title, Match=Equals } on Init against "Main" page (0.011s)
2021-05-13 12:47:49.3298  INFO > Click "Login to System Clickable" control
2021-05-13 12:47:49.3298  INFO > Click "Login to System Clickable" control
2021-05-13 12:47:49.3303 TRACE - > Execute behavior ClickUsingClickMethodAttribute against "Login to System Clickable" control
2021-05-13 12:47:49.3303 TRACE - > Execute behavior ClickUsingClickMethodAttribute against "Login to System Clickable" control
2021-05-13 12:47:49.3315 TRACE - - > Find visible element by XPath "(//span[contains(text(),'Login to system')])/descendant-or-self::*" in ChromeDriver
2021-05-13 12:47:49.3315 TRACE - - > Find visible element by XPath "(//span[contains(text(),'Login to system')])/descendant-or-self::*" in ChromeDriver
2021-05-13 12:47:49.3744 TRACE - - < Find visible element by XPath "(//span[contains(text(),'Login to system')])/descendant-or-self::*" in ChromeDriver (0.042s) >> Element { Id=eb9ee3ee-9a61-4b68-8895-b3d6220e2894 }
2021-05-13 12:47:49.3744 TRACE - - < Find visible element by XPath "(//span[contains(text(),'Login to system')])/descendant-or-self::*" in ChromeDriver (0.042s) >> Element { Id=eb9ee3ee-9a61-4b68-8895-b3d6220e2894 }
2021-05-13 12:47:49.3749 TRACE - - > Click element { Id=eb9ee3ee-9a61-4b68-8895-b3d6220e2894 }
2021-05-13 12:47:49.3749 TRACE - - > Click element { Id=eb9ee3ee-9a61-4b68-8895-b3d6220e2894 }
2021-05-13 12:47:49.5042 TRACE - - < Click element { Id=eb9ee3ee-9a61-4b68-8895-b3d6220e2894 } (0.129s)
2021-05-13 12:47:49.5042 TRACE - - < Click element { Id=eb9ee3ee-9a61-4b68-8895-b3d6220e2894 } (0.129s)
2021-05-13 12:47:49.5049 TRACE - < Execute behavior ClickUsingClickMethodAttribute against "Login to System Clickable" control (0.174s)
2021-05-13 12:47:49.5049 TRACE - < Execute behavior ClickUsingClickMethodAttribute against "Login to System Clickable" control (0.174s)
2021-05-13 12:47:49.5053  INFO < Click "Login to System Clickable" control (0.175s)
2021-05-13 12:47:49.5053  INFO < Click "Login to System Clickable" control (0.175s)
2021-05-13 12:47:49.5069  INFO Go to "Login" page
2021-05-13 12:47:49.5069  INFO Go to "Login" page
2021-05-13 12:47:49.5152 TRACE > Execute trigger VerifyTitleAttribute { Values="React app", Case=Title, Match=Equals } on Init against "Login" page
2021-05-13 12:47:49.5152 TRACE > Execute trigger VerifyTitleAttribute { Values="React app", Case=Title, Match=Equals } on Init against "Login" page
2021-05-13 12:47:49.5157  INFO - > Assert: title should equal "React app"
2021-05-13 12:47:49.5157  INFO - > Assert: title should equal "React app"
2021-05-13 12:47:49.5240  INFO - < Assert: title should equal "React app" (0.008s)
2021-05-13 12:47:49.5240  INFO - < Assert: title should equal "React app" (0.008s)
2021-05-13 12:47:49.5245 TRACE < Execute trigger VerifyTitleAttribute { Values="React app", Case=Title, Match=Equals } on Init against "Login" page (0.009s)
2021-05-13 12:47:49.5245 TRACE < Execute trigger VerifyTitleAttribute { Values="React app", Case=Title, Match=Equals } on Init against "Login" page (0.009s)
2021-05-13 12:47:49.5249  INFO > Click "Create Account" button
2021-05-13 12:47:49.5249  INFO > Click "Create Account" button
2021-05-13 12:47:49.5253 TRACE - > Execute behavior ClickUsingClickMethodAttribute against "Create Account" button
2021-05-13 12:47:49.5253 TRACE - > Execute behavior ClickUsingClickMethodAttribute against "Create Account" button
2021-05-13 12:47:49.5262 TRACE - - > Find visible element by XPath "(//a[@href='/register']/button[@type='submit'])/descendant-or-self::*[self::input[@type='button' or @type='submit' or @type='reset'] or self::button]" in ChromeDriver
2021-05-13 12:47:49.5262 TRACE - - > Find visible element by XPath "(//a[@href='/register']/button[@type='submit'])/descendant-or-self::*[self::input[@type='button' or @type='submit' or @type='reset'] or self::button]" in ChromeDriver
2021-05-13 12:47:49.5674 TRACE - - < Find visible element by XPath "(//a[@href='/register']/button[@type='submit'])/descendant-or-self::*[self::input[@type='button' or @type='submit' or @type='reset'] or self::button]" in ChromeDriver (0.041s) >> Element { Id=b928f629-1061-4471-9f61-659d4152b44a }
2021-05-13 12:47:49.5674 TRACE - - < Find visible element by XPath "(//a[@href='/register']/button[@type='submit'])/descendant-or-self::*[self::input[@type='button' or @type='submit' or @type='reset'] or self::button]" in ChromeDriver (0.041s) >> Element { Id=b928f629-1061-4471-9f61-659d4152b44a }
2021-05-13 12:47:49.5683 TRACE - - > Click element { Id=b928f629-1061-4471-9f61-659d4152b44a }
2021-05-13 12:47:49.5683 TRACE - - > Click element { Id=b928f629-1061-4471-9f61-659d4152b44a }
2021-05-13 12:47:49.7187 TRACE - - < Click element { Id=b928f629-1061-4471-9f61-659d4152b44a } (0.150s)
2021-05-13 12:47:49.7187 TRACE - - < Click element { Id=b928f629-1061-4471-9f61-659d4152b44a } (0.150s)
2021-05-13 12:47:49.7193 TRACE - < Execute behavior ClickUsingClickMethodAttribute against "Create Account" button (0.194s)
2021-05-13 12:47:49.7193 TRACE - < Execute behavior ClickUsingClickMethodAttribute against "Create Account" button (0.194s)
2021-05-13 12:47:49.7196  INFO < Click "Create Account" button (0.194s)
2021-05-13 12:47:49.7196  INFO < Click "Create Account" button (0.194s)
2021-05-13 12:47:49.7211  INFO Go to "Register" page
2021-05-13 12:47:49.7211  INFO Go to "Register" page
2021-05-13 12:47:49.7318 TRACE > Execute trigger VerifyTitleAttribute { Values="React app", Case=Title, Match=Equals } on Init against "Register" page
2021-05-13 12:47:49.7318 TRACE > Execute trigger VerifyTitleAttribute { Values="React app", Case=Title, Match=Equals } on Init against "Register" page
2021-05-13 12:47:49.7323  INFO - > Assert: title should equal "React app"
2021-05-13 12:47:49.7323  INFO - > Assert: title should equal "React app"
2021-05-13 12:47:49.7396  INFO - < Assert: title should equal "React app" (0.007s)
2021-05-13 12:47:49.7396  INFO - < Assert: title should equal "React app" (0.007s)
2021-05-13 12:47:49.7403 TRACE < Execute trigger VerifyTitleAttribute { Values="React app", Case=Title, Match=Equals } on Init against "Register" page (0.008s)
2021-05-13 12:47:49.7403 TRACE < Execute trigger VerifyTitleAttribute { Values="React app", Case=Title, Match=Equals } on Init against "Register" page (0.008s)
2021-05-13 12:47:49.7416  INFO > Set "Janice_Medhurst" to "Login Text Input" text input
2021-05-13 12:47:49.7416  INFO > Set "Janice_Medhurst" to "Login Text Input" text input
2021-05-13 12:47:49.7422 TRACE - > Execute behavior ValueSetUsingClearAndSendKeysAttribute against "Login Text Input" text input
2021-05-13 12:47:49.7422 TRACE - > Execute behavior ValueSetUsingClearAndSendKeysAttribute against "Login Text Input" text input
2021-05-13 12:47:49.7432 TRACE - - > Find visible element by XPath "(//label/span[text()='Login *']//..//..//../input [@type='text'])/descendant-or-self::input[@type='text' or not(@type)]" in ChromeDriver
2021-05-13 12:47:49.7432 TRACE - - > Find visible element by XPath "(//label/span[text()='Login *']//..//..//../input [@type='text'])/descendant-or-self::input[@type='text' or not(@type)]" in ChromeDriver
2021-05-13 12:47:49.7735 TRACE - - < Find visible element by XPath "(//label/span[text()='Login *']//..//..//../input [@type='text'])/descendant-or-self::input[@type='text' or not(@type)]" in ChromeDriver (0.030s) >> Element { Id=29499f07-3439-43fd-ace9-cd9e0d960f59 }
2021-05-13 12:47:49.7735 TRACE - - < Find visible element by XPath "(//label/span[text()='Login *']//..//..//../input [@type='text'])/descendant-or-self::input[@type='text' or not(@type)]" in ChromeDriver (0.030s) >> Element { Id=29499f07-3439-43fd-ace9-cd9e0d960f59 }
2021-05-13 12:47:49.7741 TRACE - - > Clear element { Id=29499f07-3439-43fd-ace9-cd9e0d960f59 }
2021-05-13 12:47:49.7741 TRACE - - > Clear element { Id=29499f07-3439-43fd-ace9-cd9e0d960f59 }
2021-05-13 12:47:49.8165 TRACE - - < Clear element { Id=29499f07-3439-43fd-ace9-cd9e0d960f59 } (0.042s)
2021-05-13 12:47:49.8165 TRACE - - < Clear element { Id=29499f07-3439-43fd-ace9-cd9e0d960f59 } (0.042s)
2021-05-13 12:47:49.8171 TRACE - - > Send keys "Janice_Medhurst" to element { Id=29499f07-3439-43fd-ace9-cd9e0d960f59 }
2021-05-13 12:47:49.8171 TRACE - - > Send keys "Janice_Medhurst" to element { Id=29499f07-3439-43fd-ace9-cd9e0d960f59 }
2021-05-13 12:47:50.1091 TRACE - - < Send keys "Janice_Medhurst" to element { Id=29499f07-3439-43fd-ace9-cd9e0d960f59 } (0.291s)
2021-05-13 12:47:50.1091 TRACE - - < Send keys "Janice_Medhurst" to element { Id=29499f07-3439-43fd-ace9-cd9e0d960f59 } (0.291s)
2021-05-13 12:47:50.1096 TRACE - < Execute behavior ValueSetUsingClearAndSendKeysAttribute against "Login Text Input" text input (0.367s)
2021-05-13 12:47:50.1096 TRACE - < Execute behavior ValueSetUsingClearAndSendKeysAttribute against "Login Text Input" text input (0.367s)
2021-05-13 12:47:50.1098  INFO < Set "Janice_Medhurst" to "Login Text Input" text input (0.368s)
2021-05-13 12:47:50.1098  INFO < Set "Janice_Medhurst" to "Login Text Input" text input (0.368s)
2021-05-13 12:47:50.1107  INFO > Set "Shelly" to "Name Text Input" text input
2021-05-13 12:47:50.1107  INFO > Set "Shelly" to "Name Text Input" text input
2021-05-13 12:47:50.1121 TRACE - > Execute behavior ValueSetUsingClearAndSendKeysAttribute against "Name Text Input" text input
2021-05-13 12:47:50.1121 TRACE - > Execute behavior ValueSetUsingClearAndSendKeysAttribute against "Name Text Input" text input
2021-05-13 12:47:50.1132 TRACE - - > Find visible element by XPath "(//label/span[text()='Name *']//..//..//../input [@type='text'])/descendant-or-self::input[@type='text' or not(@type)]" in ChromeDriver
2021-05-13 12:47:50.1132 TRACE - - > Find visible element by XPath "(//label/span[text()='Name *']//..//..//../input [@type='text'])/descendant-or-self::input[@type='text' or not(@type)]" in ChromeDriver
2021-05-13 12:47:50.1454 TRACE - - < Find visible element by XPath "(//label/span[text()='Name *']//..//..//../input [@type='text'])/descendant-or-self::input[@type='text' or not(@type)]" in ChromeDriver (0.032s) >> Element { Id=6a1b1419-cdbd-4bce-b031-8d378febee2f }
2021-05-13 12:47:50.1454 TRACE - - < Find visible element by XPath "(//label/span[text()='Name *']//..//..//../input [@type='text'])/descendant-or-self::input[@type='text' or not(@type)]" in ChromeDriver (0.032s) >> Element { Id=6a1b1419-cdbd-4bce-b031-8d378febee2f }
2021-05-13 12:47:50.1459 TRACE - - > Clear element { Id=6a1b1419-cdbd-4bce-b031-8d378febee2f }
2021-05-13 12:47:50.1459 TRACE - - > Clear element { Id=6a1b1419-cdbd-4bce-b031-8d378febee2f }
2021-05-13 12:47:50.1868 TRACE - - < Clear element { Id=6a1b1419-cdbd-4bce-b031-8d378febee2f } (0.040s)
2021-05-13 12:47:50.1868 TRACE - - < Clear element { Id=6a1b1419-cdbd-4bce-b031-8d378febee2f } (0.040s)
2021-05-13 12:47:50.1874 TRACE - - > Send keys "Shelly" to element { Id=6a1b1419-cdbd-4bce-b031-8d378febee2f }
2021-05-13 12:47:50.1874 TRACE - - > Send keys "Shelly" to element { Id=6a1b1419-cdbd-4bce-b031-8d378febee2f }
2021-05-13 12:47:50.2889 TRACE - - < Send keys "Shelly" to element { Id=6a1b1419-cdbd-4bce-b031-8d378febee2f } (0.101s)
2021-05-13 12:47:50.2889 TRACE - - < Send keys "Shelly" to element { Id=6a1b1419-cdbd-4bce-b031-8d378febee2f } (0.101s)
2021-05-13 12:47:50.2895 TRACE - < Execute behavior ValueSetUsingClearAndSendKeysAttribute against "Name Text Input" text input (0.177s)
2021-05-13 12:47:50.2895 TRACE - < Execute behavior ValueSetUsingClearAndSendKeysAttribute against "Name Text Input" text input (0.177s)
2021-05-13 12:47:50.2898  INFO < Set "Shelly" to "Name Text Input" text input (0.179s)
2021-05-13 12:47:50.2898  INFO < Set "Shelly" to "Name Text Input" text input (0.179s)
2021-05-13 12:47:50.2928  INFO > Set "Werner83@example.org" to "E Mail Address Text Input" text input
2021-05-13 12:47:50.2928  INFO > Set "Werner83@example.org" to "E Mail Address Text Input" text input
2021-05-13 12:47:50.2933 TRACE - > Execute behavior ValueSetUsingClearAndSendKeysAttribute against "E Mail Address Text Input" text input
2021-05-13 12:47:50.2933 TRACE - > Execute behavior ValueSetUsingClearAndSendKeysAttribute against "E Mail Address Text Input" text input
2021-05-13 12:47:50.2941 TRACE - - > Find visible element by XPath "(//label/span[text()='E-mail address *']//..//..//../input [@type='text'])/descendant-or-self::input[@type='text' or not(@type)]" in ChromeDriver
2021-05-13 12:47:50.2941 TRACE - - > Find visible element by XPath "(//label/span[text()='E-mail address *']//..//..//../input [@type='text'])/descendant-or-self::input[@type='text' or not(@type)]" in ChromeDriver
2021-05-13 12:47:50.3268 TRACE - - < Find visible element by XPath "(//label/span[text()='E-mail address *']//..//..//../input [@type='text'])/descendant-or-self::input[@type='text' or not(@type)]" in ChromeDriver (0.032s) >> Element { Id=e9035dbe-d983-4f22-8a78-cec75d324637 }
2021-05-13 12:47:50.3268 TRACE - - < Find visible element by XPath "(//label/span[text()='E-mail address *']//..//..//../input [@type='text'])/descendant-or-self::input[@type='text' or not(@type)]" in ChromeDriver (0.032s) >> Element { Id=e9035dbe-d983-4f22-8a78-cec75d324637 }
2021-05-13 12:47:50.3274 TRACE - - > Clear element { Id=e9035dbe-d983-4f22-8a78-cec75d324637 }
2021-05-13 12:47:50.3274 TRACE - - > Clear element { Id=e9035dbe-d983-4f22-8a78-cec75d324637 }
2021-05-13 12:47:50.3612 TRACE - - < Clear element { Id=e9035dbe-d983-4f22-8a78-cec75d324637 } (0.033s)
2021-05-13 12:47:50.3612 TRACE - - < Clear element { Id=e9035dbe-d983-4f22-8a78-cec75d324637 } (0.033s)
2021-05-13 12:47:50.3617 TRACE - - > Send keys "Werner83@example.org" to element { Id=e9035dbe-d983-4f22-8a78-cec75d324637 }
2021-05-13 12:47:50.3617 TRACE - - > Send keys "Werner83@example.org" to element { Id=e9035dbe-d983-4f22-8a78-cec75d324637 }
2021-05-13 12:47:50.5438 TRACE - - < Send keys "Werner83@example.org" to element { Id=e9035dbe-d983-4f22-8a78-cec75d324637 } (0.182s)
2021-05-13 12:47:50.5438 TRACE - - < Send keys "Werner83@example.org" to element { Id=e9035dbe-d983-4f22-8a78-cec75d324637 } (0.182s)
2021-05-13 12:47:50.5443 TRACE - < Execute behavior ValueSetUsingClearAndSendKeysAttribute against "E Mail Address Text Input" text input (0.250s)
2021-05-13 12:47:50.5443 TRACE - < Execute behavior ValueSetUsingClearAndSendKeysAttribute against "E Mail Address Text Input" text input (0.250s)
2021-05-13 12:47:50.5445  INFO < Set "Werner83@example.org" to "E Mail Address Text Input" text input (0.251s)
2021-05-13 12:47:50.5445  INFO < Set "Werner83@example.org" to "E Mail Address Text Input" text input (0.251s)
2021-05-13 12:47:50.5454  INFO > Set "Sawayn" to "Surname Text Input" text input
2021-05-13 12:47:50.5454  INFO > Set "Sawayn" to "Surname Text Input" text input
2021-05-13 12:47:50.5458 TRACE - > Execute behavior ValueSetUsingClearAndSendKeysAttribute against "Surname Text Input" text input
2021-05-13 12:47:50.5458 TRACE - > Execute behavior ValueSetUsingClearAndSendKeysAttribute against "Surname Text Input" text input
2021-05-13 12:47:50.5467 TRACE - - > Find visible element by XPath "(//label/span[text()='Surname *']//..//..//../input [@type='text'])/descendant-or-self::input[@type='text' or not(@type)]" in ChromeDriver
2021-05-13 12:47:50.5467 TRACE - - > Find visible element by XPath "(//label/span[text()='Surname *']//..//..//../input [@type='text'])/descendant-or-self::input[@type='text' or not(@type)]" in ChromeDriver
2021-05-13 12:47:50.5772 TRACE - - < Find visible element by XPath "(//label/span[text()='Surname *']//..//..//../input [@type='text'])/descendant-or-self::input[@type='text' or not(@type)]" in ChromeDriver (0.030s) >> Element { Id=822b31ae-5c4c-40fe-969f-18edc1968441 }
2021-05-13 12:47:50.5772 TRACE - - < Find visible element by XPath "(//label/span[text()='Surname *']//..//..//../input [@type='text'])/descendant-or-self::input[@type='text' or not(@type)]" in ChromeDriver (0.030s) >> Element { Id=822b31ae-5c4c-40fe-969f-18edc1968441 }
2021-05-13 12:47:50.5776 TRACE - - > Clear element { Id=822b31ae-5c4c-40fe-969f-18edc1968441 }
2021-05-13 12:47:50.5776 TRACE - - > Clear element { Id=822b31ae-5c4c-40fe-969f-18edc1968441 }
2021-05-13 12:47:50.6090 TRACE - - < Clear element { Id=822b31ae-5c4c-40fe-969f-18edc1968441 } (0.031s)
2021-05-13 12:47:50.6090 TRACE - - < Clear element { Id=822b31ae-5c4c-40fe-969f-18edc1968441 } (0.031s)
2021-05-13 12:47:50.6094 TRACE - - > Send keys "Sawayn" to element { Id=822b31ae-5c4c-40fe-969f-18edc1968441 }
2021-05-13 12:47:50.6094 TRACE - - > Send keys "Sawayn" to element { Id=822b31ae-5c4c-40fe-969f-18edc1968441 }
2021-05-13 12:47:50.6858 TRACE - - < Send keys "Sawayn" to element { Id=822b31ae-5c4c-40fe-969f-18edc1968441 } (0.076s)
2021-05-13 12:47:50.6858 TRACE - - < Send keys "Sawayn" to element { Id=822b31ae-5c4c-40fe-969f-18edc1968441 } (0.076s)
2021-05-13 12:47:50.6865 TRACE - < Execute behavior ValueSetUsingClearAndSendKeysAttribute against "Surname Text Input" text input (0.140s)
2021-05-13 12:47:50.6865 TRACE - < Execute behavior ValueSetUsingClearAndSendKeysAttribute against "Surname Text Input" text input (0.140s)
2021-05-13 12:47:50.6867  INFO < Set "Sawayn" to "Surname Text Input" text input (0.141s)
2021-05-13 12:47:50.6867  INFO < Set "Sawayn" to "Surname Text Input" text input (0.141s)
2021-05-13 12:47:50.6870  INFO > Set "4rrgLjqf%cka" to "Password Text Input" password input
2021-05-13 12:47:50.6870  INFO > Set "4rrgLjqf%cka" to "Password Text Input" password input
2021-05-13 12:47:50.6873 TRACE - > Execute behavior ValueSetUsingClearAndSendKeysAttribute against "Password Text Input" password input
2021-05-13 12:47:50.6873 TRACE - > Execute behavior ValueSetUsingClearAndSendKeysAttribute against "Password Text Input" password input
2021-05-13 12:47:50.6879 TRACE - - > Find visible element by XPath "(//span[text()='Password *']//..//..//../input [@type='password'])/descendant-or-self::input[@type='password']" in ChromeDriver
2021-05-13 12:47:50.6879 TRACE - - > Find visible element by XPath "(//span[text()='Password *']//..//..//../input [@type='password'])/descendant-or-self::input[@type='password']" in ChromeDriver
2021-05-13 12:47:50.7129 TRACE - - < Find visible element by XPath "(//span[text()='Password *']//..//..//../input [@type='password'])/descendant-or-self::input[@type='password']" in ChromeDriver (0.024s) >> Element { Id=778efea6-6251-4604-bf16-95b1cd129ea3 }
2021-05-13 12:47:50.7129 TRACE - - < Find visible element by XPath "(//span[text()='Password *']//..//..//../input [@type='password'])/descendant-or-self::input[@type='password']" in ChromeDriver (0.024s) >> Element { Id=778efea6-6251-4604-bf16-95b1cd129ea3 }
2021-05-13 12:47:50.7133 TRACE - - > Clear element { Id=778efea6-6251-4604-bf16-95b1cd129ea3 }
2021-05-13 12:47:50.7133 TRACE - - > Clear element { Id=778efea6-6251-4604-bf16-95b1cd129ea3 }
2021-05-13 12:47:50.7458 TRACE - - < Clear element { Id=778efea6-6251-4604-bf16-95b1cd129ea3 } (0.032s)
2021-05-13 12:47:50.7458 TRACE - - < Clear element { Id=778efea6-6251-4604-bf16-95b1cd129ea3 } (0.032s)
2021-05-13 12:47:50.7462 TRACE - - > Send keys "4rrgLjqf%cka" to element { Id=778efea6-6251-4604-bf16-95b1cd129ea3 }
2021-05-13 12:47:50.7462 TRACE - - > Send keys "4rrgLjqf%cka" to element { Id=778efea6-6251-4604-bf16-95b1cd129ea3 }
2021-05-13 12:47:50.8745 TRACE - - < Send keys "4rrgLjqf%cka" to element { Id=778efea6-6251-4604-bf16-95b1cd129ea3 } (0.128s)
2021-05-13 12:47:50.8745 TRACE - - < Send keys "4rrgLjqf%cka" to element { Id=778efea6-6251-4604-bf16-95b1cd129ea3 } (0.128s)
2021-05-13 12:47:50.8749 TRACE - < Execute behavior ValueSetUsingClearAndSendKeysAttribute against "Password Text Input" password input (0.187s)
2021-05-13 12:47:50.8749 TRACE - < Execute behavior ValueSetUsingClearAndSendKeysAttribute against "Password Text Input" password input (0.187s)
2021-05-13 12:47:50.8750  INFO < Set "4rrgLjqf%cka" to "Password Text Input" password input (0.187s)
2021-05-13 12:47:50.8750  INFO < Set "4rrgLjqf%cka" to "Password Text Input" password input (0.187s)
2021-05-13 12:47:50.8753  INFO > Set "4rrgLjqf%cka" to "Repeat Password Text Input" password input
2021-05-13 12:47:50.8753  INFO > Set "4rrgLjqf%cka" to "Repeat Password Text Input" password input
2021-05-13 12:47:50.8755 TRACE - > Execute behavior ValueSetUsingClearAndSendKeysAttribute against "Repeat Password Text Input" password input
2021-05-13 12:47:50.8755 TRACE - > Execute behavior ValueSetUsingClearAndSendKeysAttribute against "Repeat Password Text Input" password input
2021-05-13 12:47:50.8778 TRACE - - > Find visible element by XPath "(//span[text()='Repeat password *']//..//..//../input[@type='password'])/descendant-or-self::input[@type='password']" in ChromeDriver
2021-05-13 12:47:50.8778 TRACE - - > Find visible element by XPath "(//span[text()='Repeat password *']//..//..//../input[@type='password'])/descendant-or-self::input[@type='password']" in ChromeDriver
2021-05-13 12:47:50.9020 TRACE - - < Find visible element by XPath "(//span[text()='Repeat password *']//..//..//../input[@type='password'])/descendant-or-self::input[@type='password']" in ChromeDriver (0.024s) >> Element { Id=053e9bb7-606c-49af-8161-4e70fed9c390 }
2021-05-13 12:47:50.9020 TRACE - - < Find visible element by XPath "(//span[text()='Repeat password *']//..//..//../input[@type='password'])/descendant-or-self::input[@type='password']" in ChromeDriver (0.024s) >> Element { Id=053e9bb7-606c-49af-8161-4e70fed9c390 }
2021-05-13 12:47:50.9029 TRACE - - > Clear element { Id=053e9bb7-606c-49af-8161-4e70fed9c390 }
2021-05-13 12:47:50.9029 TRACE - - > Clear element { Id=053e9bb7-606c-49af-8161-4e70fed9c390 }
2021-05-13 12:47:50.9387 TRACE - - < Clear element { Id=053e9bb7-606c-49af-8161-4e70fed9c390 } (0.035s)
2021-05-13 12:47:50.9387 TRACE - - < Clear element { Id=053e9bb7-606c-49af-8161-4e70fed9c390 } (0.035s)
2021-05-13 12:47:50.9391 TRACE - - > Send keys "4rrgLjqf%cka" to element { Id=053e9bb7-606c-49af-8161-4e70fed9c390 }
2021-05-13 12:47:50.9391 TRACE - - > Send keys "4rrgLjqf%cka" to element { Id=053e9bb7-606c-49af-8161-4e70fed9c390 }
2021-05-13 12:47:51.0305 TRACE - - < Send keys "4rrgLjqf%cka" to element { Id=053e9bb7-606c-49af-8161-4e70fed9c390 } (0.091s)
2021-05-13 12:47:51.0305 TRACE - - < Send keys "4rrgLjqf%cka" to element { Id=053e9bb7-606c-49af-8161-4e70fed9c390 } (0.091s)
2021-05-13 12:47:51.0310 TRACE - < Execute behavior ValueSetUsingClearAndSendKeysAttribute against "Repeat Password Text Input" password input (0.155s)
2021-05-13 12:47:51.0310 TRACE - < Execute behavior ValueSetUsingClearAndSendKeysAttribute against "Repeat Password Text Input" password input (0.155s)
2021-05-13 12:47:51.0312  INFO < Set "4rrgLjqf%cka" to "Repeat Password Text Input" password input (0.155s)
2021-05-13 12:47:51.0312  INFO < Set "4rrgLjqf%cka" to "Repeat Password Text Input" password input (0.155s)
2021-05-13 12:47:51.0344  INFO > Set "Antigua and Barbuda" to "Country" select
2021-05-13 12:47:51.0344  INFO > Set "Antigua and Barbuda" to "Country" select
2021-05-13 12:47:51.0363 TRACE - > Click "Country" select's "Antigua and Barbuda" option
2021-05-13 12:47:51.0363 TRACE - > Click "Country" select's "Antigua and Barbuda" option
2021-05-13 12:47:51.0369 TRACE - - > Execute behavior ClickUsingClickMethodAttribute against "Country" select's "Antigua and Barbuda" option
2021-05-13 12:47:51.0369 TRACE - - > Execute behavior ClickUsingClickMethodAttribute against "Country" select's "Antigua and Barbuda" option
2021-05-13 12:47:51.0379 TRACE - - - > Find visible element by XPath "(//label/span[text()='Country *']//..//..//../select)/descendant-or-self::select" in ChromeDriver
2021-05-13 12:47:51.0379 TRACE - - - > Find visible element by XPath "(//label/span[text()='Country *']//..//..//../select)/descendant-or-self::select" in ChromeDriver
2021-05-13 12:47:51.0676 TRACE - - - < Find visible element by XPath "(//label/span[text()='Country *']//..//..//../select)/descendant-or-self::select" in ChromeDriver (0.029s) >> Element { Id=4c69c7c4-34ce-49a0-8f15-3fc041cc6457 }
2021-05-13 12:47:51.0676 TRACE - - - < Find visible element by XPath "(//label/span[text()='Country *']//..//..//../select)/descendant-or-self::select" in ChromeDriver (0.029s) >> Element { Id=4c69c7c4-34ce-49a0-8f15-3fc041cc6457 }
2021-05-13 12:47:51.0681 TRACE - - - > Find visible element by XPath ".//option[normalize-space(.) = 'Antigua and Barbuda']" in Element { Id=4c69c7c4-34ce-49a0-8f15-3fc041cc6457 }
2021-05-13 12:47:51.0681 TRACE - - - > Find visible element by XPath ".//option[normalize-space(.) = 'Antigua and Barbuda']" in Element { Id=4c69c7c4-34ce-49a0-8f15-3fc041cc6457 }
2021-05-13 12:47:51.0925 TRACE - - - < Find visible element by XPath ".//option[normalize-space(.) = 'Antigua and Barbuda']" in Element { Id=4c69c7c4-34ce-49a0-8f15-3fc041cc6457 } (0.024s) >> Element { Id=a738900a-7e70-4367-ae44-ce6bfbadbda6 }
2021-05-13 12:47:51.0925 TRACE - - - < Find visible element by XPath ".//option[normalize-space(.) = 'Antigua and Barbuda']" in Element { Id=4c69c7c4-34ce-49a0-8f15-3fc041cc6457 } (0.024s) >> Element { Id=a738900a-7e70-4367-ae44-ce6bfbadbda6 }
2021-05-13 12:47:51.0929 TRACE - - - > Click element { Id=a738900a-7e70-4367-ae44-ce6bfbadbda6 }
2021-05-13 12:47:51.0929 TRACE - - - > Click element { Id=a738900a-7e70-4367-ae44-ce6bfbadbda6 }
2021-05-13 12:47:51.1232 TRACE - - - < Click element { Id=a738900a-7e70-4367-ae44-ce6bfbadbda6 } (0.030s)
2021-05-13 12:47:51.1232 TRACE - - - < Click element { Id=a738900a-7e70-4367-ae44-ce6bfbadbda6 } (0.030s)
2021-05-13 12:47:51.1236 TRACE - - < Execute behavior ClickUsingClickMethodAttribute against "Country" select's "Antigua and Barbuda" option (0.086s)
2021-05-13 12:47:51.1236 TRACE - - < Execute behavior ClickUsingClickMethodAttribute against "Country" select's "Antigua and Barbuda" option (0.086s)
2021-05-13 12:47:51.1238 TRACE - < Click "Country" select's "Antigua and Barbuda" option (0.087s)
2021-05-13 12:47:51.1238 TRACE - < Click "Country" select's "Antigua and Barbuda" option (0.087s)
2021-05-13 12:47:51.1240  INFO < Set "Antigua and Barbuda" to "Country" select (0.089s)
2021-05-13 12:47:51.1240  INFO < Set "Antigua and Barbuda" to "Country" select (0.089s)
2021-05-13 12:47:51.1241  INFO > Click "First Check Box" control
2021-05-13 12:47:51.1241  INFO > Click "First Check Box" control
2021-05-13 12:47:51.1243 TRACE - > Execute behavior ClickUsingClickMethodAttribute against "First Check Box" control
2021-05-13 12:47:51.1243 TRACE - > Execute behavior ClickUsingClickMethodAttribute against "First Check Box" control
2021-05-13 12:47:51.1247 TRACE - - > Find visible element by XPath "(//body/div[@id='root']/div[2]/div[1]/div[1]/div[2]/form[1]/div[5]/div[1]/div[1]/div[1]/div[1]/div[1])/descendant-or-self::*" in ChromeDriver
2021-05-13 12:47:51.1247 TRACE - - > Find visible element by XPath "(//body/div[@id='root']/div[2]/div[1]/div[1]/div[2]/form[1]/div[5]/div[1]/div[1]/div[1]/div[1]/div[1])/descendant-or-self::*" in ChromeDriver
2021-05-13 12:47:56.1315 TRACE - - < Find visible element by XPath "(//body/div[@id='root']/div[2]/div[1]/div[1]/div[2]/form[1]/div[5]/div[1]/div[1]/div[1]/div[1]/div[1])/descendant-or-self::*" in ChromeDriver (5.006s) >>
OpenQA.Selenium.NoSuchElementException: Unable to locate visible element:
- By: XPath "(//body/div[@id='root']/div[2]/div[1]/div[1]/div[2]/form[1]/div[5]/div[1]/div[1]/div[1]/div[1]/div[1])/descendant-or-self::*"
- Search time: 5.006s
- Search options: {Visibility=Visible, Timeout=5s, RetryInterval=0.5s, IsSafely=False}
2021-05-13 12:47:56.1315 TRACE - - < Find visible element by XPath "(//body/div[@id='root']/div[2]/div[1]/div[1]/div[2]/form[1]/div[5]/div[1]/div[1]/div[1]/div[1]/div[1])/descendant-or-self::*" in ChromeDriver (5.006s) >>
OpenQA.Selenium.NoSuchElementException: Unable to locate visible element:
- By: XPath "(//body/div[@id='root']/div[2]/div[1]/div[1]/div[2]/form[1]/div[5]/div[1]/div[1]/div[1]/div[1]/div[1])/descendant-or-self::*"
- Search time: 5.006s
- Search options: {Visibility=Visible, Timeout=5s, RetryInterval=0.5s, IsSafely=False}
2021-05-13 12:47:56.1322 TRACE - < Execute behavior ClickUsingClickMethodAttribute against "First Check Box" control (5.007s) >>
OpenQA.Selenium.NoSuchElementException: Unable to locate visible element:
- By: XPath "(//body/div[@id='root']/div[2]/div[1]/div[1]/div[2]/form[1]/div[5]/div[1]/div[1]/div[1]/div[1]/div[1])/descendant-or-self::*"
- Search time: 5.006s
- Search options: {Visibility=Visible, Timeout=5s, RetryInterval=0.5s, IsSafely=False}
2021-05-13 12:47:56.1322 TRACE - < Execute behavior ClickUsingClickMethodAttribute against "First Check Box" control (5.007s) >>
OpenQA.Selenium.NoSuchElementException: Unable to locate visible element:
- By: XPath "(//body/div[@id='root']/div[2]/div[1]/div[1]/div[2]/form[1]/div[5]/div[1]/div[1]/div[1]/div[1]/div[1])/descendant-or-self::*"
- Search time: 5.006s
- Search options: {Visibility=Visible, Timeout=5s, RetryInterval=0.5s, IsSafely=False}
2021-05-13 12:47:56.1328  INFO < Click "First Check Box" control (5.008s) >>
OpenQA.Selenium.NoSuchElementException: Unable to locate visible element:
- By: XPath "(//body/div[@id='root']/div[2]/div[1]/div[1]/div[2]/form[1]/div[5]/div[1]/div[1]/div[1]/div[1]/div[1])/descendant-or-self::*"
- Search time: 5.006s
- Search options: {Visibility=Visible, Timeout=5s, RetryInterval=0.5s, IsSafely=False}
2021-05-13 12:47:56.1328  INFO < Click "First Check Box" control (5.008s) >>
OpenQA.Selenium.NoSuchElementException: Unable to locate visible element:
- By: XPath "(//body/div[@id='root']/div[2]/div[1]/div[1]/div[2]/form[1]/div[5]/div[1]/div[1]/div[1]/div[1]/div[1])/descendant-or-self::*"
- Search time: 5.006s
- Search options: {Visibility=Visible, Timeout=5s, RetryInterval=0.5s, IsSafely=False}
-> error: Unable to locate visible element:
- By: XPath "(//body/div[@id='root']/div[2]/div[1]/div[1]/div[2]/form[1]/div[5]/div[1]/div[1]/div[1]/div[1]/div[1])/descendant-or-self::*"
- Search time: 5.006s
- Search options: {Visibility=Visible, Timeout=5s, RetryInterval=0.5s, IsSafely=False} (7,8s)
Then account is not created in database
-> skipped because of previous errors
2021-05-13 12:47:56.3812 ERROR OpenQA.Selenium.NoSuchElementException : Unable to locate visible element:
- By: XPath "(//body/div[@id='root']/div[2]/div[1]/div[1]/div[2]/form[1]/div[5]/div[1]/div[1]/div[1]/div[1]/div[1])/descendant-or-self::*"
- Search time: 5.006s
- Search options: {Visibility=Visible, Timeout=5s, RetryInterval=0.5s, IsSafely=False}
   at Atata.ExtendedSearchContext`1.Find(By by)
   at Atata.ExtendedSearchContext`1.FindElement(By by)
   at Atata.ISearchContextExtensions.Get[T](T searchContext, By by)
   at Atata.ISearchContextLoggingExtensions.<>c__DisplayClass0_0.<GetWithLogging>b__0()
   at Atata.LogManager.ExecuteSection[TResult](LogSection section, Func`1 function)
   at Atata.ISearchContextLoggingExtensions.GetWithLogging(ISearchContext searchContext, By by)
   at Atata.XPathComponentScopeFindResult.Get(String xPathCondition)
   at Atata.StrategyScopeLocator.<>c__DisplayClass3_0.<GetElement>b__0(XPathComponentScopeFindResult x)
   at System.Linq.Enumerable.SelectArrayIterator`2.MoveNext()
   at System.Linq.Enumerable.TryGetFirst[TSource](IEnumerable`1 source, Func`2 predicate, Boolean& found)
   at System.Linq.Enumerable.FirstOrDefault[TSource](IEnumerable`1 source, Func`2 predicate)
   at Atata.StrategyScopeLocator.GetElement(SearchOptions searchOptions, String xPathCondition)
   at Atata.UIComponent`1.OnGetScopeElement(SearchOptions searchOptions)
   at Atata.UIComponent.GetScopeElement(SearchOptions searchOptions)
   at Atata.UIComponent.get_Scope()
   at Atata.ClickUsingClickMethodAttribute.Execute[TOwner](IUIComponent`1 component)
   at Atata.Control`1.<>c__DisplayClass12_0.<OnClick>b__0()
   at Atata.LogManager.ExecuteSection(LogSection section, Action action)
   at Atata.Control`1.OnClick()
   at Atata.LogManager.ExecuteSection(LogSection section, Action action)
   at Atata.Control`1.Click()
   at IFlow.Testing.StepDefinitions.RegistrationAndLoginSteps.WhenUserDontInputAllDataOnRegistrationPageAndConfirm() in C:\Users\lezi\source\repos\IFLOW.testing\Iflow.Testing\StepDefinitions\RegistrationAndLoginSteps.cs:line 135
   at TechTalk.SpecFlow.Bindings.BindingInvoker.InvokeBinding(IBinding binding, IContextManager contextManager, Object[] arguments, ITestTracer testTracer, TimeSpan& duration)
   at TechTalk.SpecFlow.Infrastructure.TestExecutionEngine.ExecuteStepMatch(BindingMatch match, Object[] arguments, TimeSpan& duration)
   at TechTalk.SpecFlow.Infrastructure.TestExecutionEngine.ExecuteStep(IContextManager contextManager, StepInstance stepInstance)
   at TechTalk.SpecFlow.Infrastructure.TestExecutionEngine.OnAfterLastStep()
   at TechTalk.SpecFlow.TestRunner.CollectScenarioErrors()
   at IFlow.Testing.Feature.RegistrationFeature.ScenarioCleanup()
   at IFlow.Testing.Feature.RegistrationFeature.FailedRegistrationProcess() in C:\Users\lezi\source\repos\IFLOW.testing\Iflow.Testing\Feature\Registration.feature:line 18
2021-05-13 12:47:56.3812 ERROR OpenQA.Selenium.NoSuchElementException : Unable to locate visible element:
- By: XPath "(//body/div[@id='root']/div[2]/div[1]/div[1]/div[2]/form[1]/div[5]/div[1]/div[1]/div[1]/div[1]/div[1])/descendant-or-self::*"
- Search time: 5.006s
- Search options: {Visibility=Visible, Timeout=5s, RetryInterval=0.5s, IsSafely=False}
   at Atata.ExtendedSearchContext`1.Find(By by)
   at Atata.ExtendedSearchContext`1.FindElement(By by)
   at Atata.ISearchContextExtensions.Get[T](T searchContext, By by)
   at Atata.ISearchContextLoggingExtensions.<>c__DisplayClass0_0.<GetWithLogging>b__0()
   at Atata.LogManager.ExecuteSection[TResult](LogSection section, Func`1 function)
   at Atata.ISearchContextLoggingExtensions.GetWithLogging(ISearchContext searchContext, By by)
   at Atata.XPathComponentScopeFindResult.Get(String xPathCondition)
   at Atata.StrategyScopeLocator.<>c__DisplayClass3_0.<GetElement>b__0(XPathComponentScopeFindResult x)
   at System.Linq.Enumerable.SelectArrayIterator`2.MoveNext()
   at System.Linq.Enumerable.TryGetFirst[TSource](IEnumerable`1 source, Func`2 predicate, Boolean& found)
   at System.Linq.Enumerable.FirstOrDefault[TSource](IEnumerable`1 source, Func`2 predicate)
   at Atata.StrategyScopeLocator.GetElement(SearchOptions searchOptions, String xPathCondition)
   at Atata.UIComponent`1.OnGetScopeElement(SearchOptions searchOptions)
   at Atata.UIComponent.GetScopeElement(SearchOptions searchOptions)
   at Atata.UIComponent.get_Scope()
   at Atata.ClickUsingClickMethodAttribute.Execute[TOwner](IUIComponent`1 component)
   at Atata.Control`1.<>c__DisplayClass12_0.<OnClick>b__0()
   at Atata.LogManager.ExecuteSection(LogSection section, Action action)
   at Atata.Control`1.OnClick()
   at Atata.LogManager.ExecuteSection(LogSection section, Action action)
   at Atata.Control`1.Click()
   at IFlow.Testing.StepDefinitions.RegistrationAndLoginSteps.WhenUserDontInputAllDataOnRegistrationPageAndConfirm() in C:\Users\lezi\source\repos\IFLOW.testing\Iflow.Testing\StepDefinitions\RegistrationAndLoginSteps.cs:line 135
   at TechTalk.SpecFlow.Bindings.BindingInvoker.InvokeBinding(IBinding binding, IContextManager contextManager, Object[] arguments, ITestTracer testTracer, TimeSpan& duration)
   at TechTalk.SpecFlow.Infrastructure.TestExecutionEngine.ExecuteStepMatch(BindingMatch match, Object[] arguments, TimeSpan& duration)
   at TechTalk.SpecFlow.Infrastructure.TestExecutionEngine.ExecuteStep(IContextManager contextManager, StepInstance stepInstance)
   at TechTalk.SpecFlow.Infrastructure.TestExecutionEngine.OnAfterLastStep()
   at TechTalk.SpecFlow.TestRunner.CollectScenarioErrors()
   at IFlow.Testing.Feature.RegistrationFeature.ScenarioCleanup()
   at IFlow.Testing.Feature.RegistrationFeature.FailedRegistrationProcess() in C:\Users\lezi\source\repos\IFLOW.testing\Iflow.Testing\Feature\Registration.feature:line 18
2021-05-13 12:47:56.3819 ERROR OpenQA.Selenium.NoSuchElementException : Unable to locate visible element:
- By: XPath "(//body/div[@id='root']/div[2]/div[1]/div[1]/div[2]/form[1]/div[5]/div[1]/div[1]/div[1]/div[1]/div[1])/descendant-or-self::*"
- Search time: 5.006s
- Search options: {Visibility=Visible, Timeout=5s, RetryInterval=0.5s, IsSafely=False}
   at Atata.ExtendedSearchContext`1.Find(By by)
   at Atata.ExtendedSearchContext`1.FindElement(By by)
   at Atata.ISearchContextExtensions.Get[T](T searchContext, By by)
   at Atata.ISearchContextLoggingExtensions.<>c__DisplayClass0_0.<GetWithLogging>b__0()
   at Atata.LogManager.ExecuteSection[TResult](LogSection section, Func`1 function)
   at Atata.ISearchContextLoggingExtensions.GetWithLogging(ISearchContext searchContext, By by)
   at Atata.XPathComponentScopeFindResult.Get(String xPathCondition)
   at Atata.StrategyScopeLocator.<>c__DisplayClass3_0.<GetElement>b__0(XPathComponentScopeFindResult x)
   at System.Linq.Enumerable.SelectArrayIterator`2.MoveNext()
   at System.Linq.Enumerable.TryGetFirst[TSource](IEnumerable`1 source, Func`2 predicate, Boolean& found)
   at System.Linq.Enumerable.FirstOrDefault[TSource](IEnumerable`1 source, Func`2 predicate)
   at Atata.StrategyScopeLocator.GetElement(SearchOptions searchOptions, String xPathCondition)
   at Atata.UIComponent`1.OnGetScopeElement(SearchOptions searchOptions)
   at Atata.UIComponent.GetScopeElement(SearchOptions searchOptions)
   at Atata.UIComponent.get_Scope()
   at Atata.ClickUsingClickMethodAttribute.Execute[TOwner](IUIComponent`1 component)
   at Atata.Control`1.<>c__DisplayClass12_0.<OnClick>b__0()
   at Atata.LogManager.ExecuteSection(LogSection section, Action action)
   at Atata.Control`1.OnClick()
   at Atata.LogManager.ExecuteSection(LogSection section, Action action)
   at Atata.Control`1.Click()
   at IFlow.Testing.StepDefinitions.RegistrationAndLoginSteps.WhenUserDontInputAllDataOnRegistrationPageAndConfirm() in C:\Users\lezi\source\repos\IFLOW.testing\Iflow.Testing\StepDefinitions\RegistrationAndLoginSteps.cs:line 135
   at TechTalk.SpecFlow.Bindings.BindingInvoker.InvokeBinding(IBinding binding, IContextManager contextManager, Object[] arguments, ITestTracer testTracer, TimeSpan& duration)
   at TechTalk.SpecFlow.Infrastructure.TestExecutionEngine.ExecuteStepMatch(BindingMatch match, Object[] arguments, TimeSpan& duration)
   at TechTalk.SpecFlow.Infrastructure.TestExecutionEngine.ExecuteStep(IContextManager contextManager, StepInstance stepInstance)
   at TechTalk.SpecFlow.Infrastructure.TestExecutionEngine.OnAfterLastStep()
   at TechTalk.SpecFlow.TestRunner.CollectScenarioErrors()
   at IFlow.Testing.Feature.RegistrationFeature.ScenarioCleanup()
   at IFlow.Testing.Feature.RegistrationFeature.FailedRegistrationProcess() in C:\Users\lezi\source\repos\IFLOW.testing\Iflow.Testing\Feature\Registration.feature:line 18
2021-05-13 12:47:56.3819 ERROR OpenQA.Selenium.NoSuchElementException : Unable to locate visible element:
- By: XPath "(//body/div[@id='root']/div[2]/div[1]/div[1]/div[2]/form[1]/div[5]/div[1]/div[1]/div[1]/div[1]/div[1])/descendant-or-self::*"
- Search time: 5.006s
- Search options: {Visibility=Visible, Timeout=5s, RetryInterval=0.5s, IsSafely=False}
   at Atata.ExtendedSearchContext`1.Find(By by)
   at Atata.ExtendedSearchContext`1.FindElement(By by)
   at Atata.ISearchContextExtensions.Get[T](T searchContext, By by)
   at Atata.ISearchContextLoggingExtensions.<>c__DisplayClass0_0.<GetWithLogging>b__0()
   at Atata.LogManager.ExecuteSection[TResult](LogSection section, Func`1 function)
   at Atata.ISearchContextLoggingExtensions.GetWithLogging(ISearchContext searchContext, By by)
   at Atata.XPathComponentScopeFindResult.Get(String xPathCondition)
   at Atata.StrategyScopeLocator.<>c__DisplayClass3_0.<GetElement>b__0(XPathComponentScopeFindResult x)
   at System.Linq.Enumerable.SelectArrayIterator`2.MoveNext()
   at System.Linq.Enumerable.TryGetFirst[TSource](IEnumerable`1 source, Func`2 predicate, Boolean& found)
   at System.Linq.Enumerable.FirstOrDefault[TSource](IEnumerable`1 source, Func`2 predicate)
   at Atata.StrategyScopeLocator.GetElement(SearchOptions searchOptions, String xPathCondition)
   at Atata.UIComponent`1.OnGetScopeElement(SearchOptions searchOptions)
   at Atata.UIComponent.GetScopeElement(SearchOptions searchOptions)
   at Atata.UIComponent.get_Scope()
   at Atata.ClickUsingClickMethodAttribute.Execute[TOwner](IUIComponent`1 component)
   at Atata.Control`1.<>c__DisplayClass12_0.<OnClick>b__0()
   at Atata.LogManager.ExecuteSection(LogSection section, Action action)
   at Atata.Control`1.OnClick()
   at Atata.LogManager.ExecuteSection(LogSection section, Action action)
   at Atata.Control`1.Click()
   at IFlow.Testing.StepDefinitions.RegistrationAndLoginSteps.WhenUserDontInputAllDataOnRegistrationPageAndConfirm() in C:\Users\lezi\source\repos\IFLOW.testing\Iflow.Testing\StepDefinitions\RegistrationAndLoginSteps.cs:line 135
   at TechTalk.SpecFlow.Bindings.BindingInvoker.InvokeBinding(IBinding binding, IContextManager contextManager, Object[] arguments, ITestTracer testTracer, TimeSpan& duration)
   at TechTalk.SpecFlow.Infrastructure.TestExecutionEngine.ExecuteStepMatch(BindingMatch match, Object[] arguments, TimeSpan& duration)
   at TechTalk.SpecFlow.Infrastructure.TestExecutionEngine.ExecuteStep(IContextManager contextManager, StepInstance stepInstance)
   at TechTalk.SpecFlow.Infrastructure.TestExecutionEngine.OnAfterLastStep()
   at TechTalk.SpecFlow.TestRunner.CollectScenarioErrors()
   at IFlow.Testing.Feature.RegistrationFeature.ScenarioCleanup()
   at IFlow.Testing.Feature.RegistrationFeature.FailedRegistrationProcess() in C:\Users\lezi\source\repos\IFLOW.testing\Iflow.Testing\Feature\Registration.feature:line 18
2021-05-13 12:47:56.3822  INFO > Clean up AtataContext
2021-05-13 12:47:56.3822  INFO > Clean up AtataContext
2021-05-13 12:47:56.4542  INFO < Clean up AtataContext (0.072s)
2021-05-13 12:47:56.4542  INFO < Clean up AtataContext (0.072s)
2021-05-13 12:47:56.4546  INFO Finished test (9.581s)
2021-05-13 12:47:56.4546  INFO Finished test (9.581s)
2021-05-13 12:47:56.4549  INFO Pure test execution time: 8.089s
2021-05-13 12:47:56.4549  INFO Pure test execution time: 8.089s

]]></output>
              <failure>
                <message>OpenQA.Selenium.NoSuchElementException : Unable to locate visible element:
- By: XPath "(//body/div[@id='root']/div[2]/div[1]/div[1]/div[2]/form[1]/div[5]/div[1]/div[1]/div[1]/div[1]/div[1])/descendant-or-self::*"
- Search time: 5.006s
- Search options: {Visibility=Visible, Timeout=5s, RetryInterval=0.5s, IsSafely=False}</message>
                <stack-trace>   at Atata.ExtendedSearchContext`1.Find(By by)
   at Atata.ExtendedSearchContext`1.FindElement(By by)
   at Atata.ISearchContextExtensions.Get[T](T searchContext, By by)
   at Atata.ISearchContextLoggingExtensions.&lt;&gt;c__DisplayClass0_0.&lt;GetWithLogging&gt;b__0()
   at Atata.LogManager.ExecuteSection[TResult](LogSection section, Func`1 function)
   at Atata.ISearchContextLoggingExtensions.GetWithLogging(ISearchContext searchContext, By by)
   at Atata.XPathComponentScopeFindResult.Get(String xPathCondition)
   at Atata.StrategyScopeLocator.&lt;&gt;c__DisplayClass3_0.&lt;GetElement&gt;b__0(XPathComponentScopeFindResult x)
   at System.Linq.Enumerable.SelectArrayIterator`2.MoveNext()
   at System.Linq.Enumerable.TryGetFirst[TSource](IEnumerable`1 source, Func`2 predicate, Boolean&amp; found)
   at System.Linq.Enumerable.FirstOrDefault[TSource](IEnumerable`1 source, Func`2 predicate)
   at Atata.StrategyScopeLocator.GetElement(SearchOptions searchOptions, String xPathCondition)
   at Atata.UIComponent`1.OnGetScopeElement(SearchOptions searchOptions)
   at Atata.UIComponent.GetScopeElement(SearchOptions searchOptions)
   at Atata.UIComponent.get_Scope()
   at Atata.ClickUsingClickMethodAttribute.Execute[TOwner](IUIComponent`1 component)
   at Atata.Control`1.&lt;&gt;c__DisplayClass12_0.&lt;OnClick&gt;b__0()
   at Atata.LogManager.ExecuteSection(LogSection section, Action action)
   at Atata.Control`1.OnClick()
   at Atata.LogManager.ExecuteSection(LogSection section, Action action)
   at Atata.Control`1.Click()
   at IFlow.Testing.StepDefinitions.RegistrationAndLoginSteps.WhenUserDontInputAllDataOnRegistrationPageAndConfirm() in C:\Users\lezi\source\repos\IFLOW.testing\Iflow.Testing\StepDefinitions\RegistrationAndLoginSteps.cs:line 135
   at TechTalk.SpecFlow.Bindings.BindingInvoker.InvokeBinding(IBinding binding, IContextManager contextManager, Object[] arguments, ITestTracer testTracer, TimeSpan&amp; duration)
   at TechTalk.SpecFlow.Infrastructure.TestExecutionEngine.ExecuteStepMatch(BindingMatch match, Object[] arguments, TimeSpan&amp; duration)
   at TechTalk.SpecFlow.Infrastructure.TestExecutionEngine.ExecuteStep(IContextManager contextManager, StepInstance stepInstance)
   at TechTalk.SpecFlow.Infrastructure.TestExecutionEngine.OnAfterLastStep()
   at TechTalk.SpecFlow.TestRunner.CollectScenarioErrors()
   at IFlow.Testing.Feature.RegistrationFeature.ScenarioCleanup()
   at IFlow.Testing.Feature.RegistrationFeature.FailedRegistrationProcess() in C:\Users\lezi\source\repos\IFLOW.testing\Iflow.Testing\Feature\Registration.feature:line 18</stack-trace>
              </failure>
            </test-case>
          </test-suite>
        </test-suite>
      </test-suite>
    </test-suite>
    <errors />
  </test-suite>
</test-run>